[2026-04-29 00:53:27] 开始启动HTTP服务器...
[2026-04-29 00:53:27] 使用端口: 9094
[2026-04-29 00:53:27] 端口 9094 可用
[2026-04-29 00:53:27] 添加HTTP前缀完成
[2026-04-29 00:53:27] HTTP服务器启动成功
[2026-04-29 00:53:27] HTTP服务器线程已启动
[2026-04-29 00:53:27] 统计服务器已启动！本地访问：http://localhost:9094/, 网络访问：http://192.168.43.44:9094/
[2026-04-29 00:56:56] 开始启动HTTP服务器...
[2026-04-29 00:56:56] 使用端口: 9094
[2026-04-29 00:56:56] 端口 9094 可用
[2026-04-29 00:56:56] 添加HTTP前缀完成
[2026-04-29 00:56:56] HTTP服务器启动成功
[2026-04-29 00:56:56] HTTP服务器线程已启动
[2026-04-29 00:56:56] 统计服务器已启动！本地访问：http://localhost:9094/, 网络访问：http://192.168.43.44:9094/
[2026-04-29 00:58:00] 登录尝试: 用户名=lhbdb, 密码=241023
[2026-04-29 00:58:00] 登录成功: 用户名=lhbdb, 是管理员=True
[2026-04-29 15:48:30] 开始启动HTTP服务器...
[2026-04-29 15:48:30] 使用端口: 9094
[2026-04-29 15:48:30] 端口 9094 可用
[2026-04-29 15:48:30] 添加HTTP前缀完成
[2026-04-29 15:48:30] HTTP服务器启动成功
[2026-04-29 15:48:30] HTTP服务器线程已启动
[2026-04-29 15:48:30] 统计服务器已启动！本地访问：http://localhost:9094/, 网络访问：http://192.168.1.120:9094/
[2026-04-29 15:48:43] 登录尝试: 用户名=, 密码=
[2026-04-29 15:48:43] 登录失败: 用户名=
[2026-04-29 15:48:45] 登录尝试: 用户名=, 密码=
[2026-04-29 15:48:45] 登录失败: 用户名=
[2026-04-29 16:06:42] 开始启动HTTP服务器...
[2026-04-29 16:06:42] 使用端口: 9094
[2026-04-29 16:06:42] 端口 9094 可用
[2026-04-29 16:06:42] 添加HTTP前缀完成
[2026-04-29 16:06:42] HTTP服务器启动成功
[2026-04-29 16:06:42] HTTP服务器线程已启动
[2026-04-29 16:06:42] 统计服务器已启动！本地访问：http://localhost:9094/, 网络访问：http://192.168.1.120:9094/
[2026-04-29 16:07:01] 登录尝试: 用户名=, 密码=
[2026-04-29 16:07:01] 登录失败: 用户名=
[2026-04-29 16:12:44] 开始启动HTTP服务器...
[2026-04-29 16:12:44] 使用端口: 9094
[2026-04-29 16:12:44] 端口 9094 可用
[2026-04-29 16:12:44] 添加HTTP前缀完成
[2026-04-29 16:12:44] HTTP服务器启动成功
[2026-04-29 16:12:44] HTTP服务器线程已启动
[2026-04-29 16:12:44] 统计服务器已启动！本地访问：http://localhost:9094/, 网络访问：http://192.168.1.120:9094/
[2026-04-29 16:12:55] 登录尝试: 用户名=, 密码=
[2026-04-29 16:12:55] 登录失败: 用户名=
[2026-04-29 16:29:45] 开始启动HTTP服务器...
[2026-04-29 16:29:45] 使用端口: 9094
[2026-04-29 16:29:45] 端口 9094 可用
[2026-04-29 16:29:45] 添加HTTP前缀完成
[2026-04-29 16:29:45] HTTP服务器启动成功
[2026-04-29 16:29:45] HTTP服务器线程已启动
[2026-04-29 16:29:45] 统计服务器已启动！本地访问：http://localhost:9094/, 网络访问：http://192.168.1.120:9094/
[2026-04-29 16:29:59] 登录尝试: 用户名=, 密码=
[2026-04-29 16:29:59] 登录失败: 用户名=
[2026-04-29 16:31:48] 登录尝试: 用户名=, 密码=
[2026-04-29 16:31:48] 登录失败: 用户名=
[2026-04-29 16:31:48] 登录尝试: 用户名=, 密码=
[2026-04-29 16:31:48] 登录失败: 用户名=
[2026-04-29 16:31:48] 登录尝试: 用户名=, 密码=
[2026-04-29 16:31:48] 登录失败: 用户名=
[2026-04-29 16:31:48] 登录尝试: 用户名=, 密码=
[2026-04-29 16:31:48] 登录失败: 用户名=
