[2026-05-04 11:19:26] [INFO] ApiHandler初始化完成
[2026-05-04 11:19:26] [INFO] HTTP服务器启动成功
[2026-05-04 11:19:26] [INFO] HTTP服务器已启动，监听端口 9095
[2026-05-04 11:19:29] [INFO] 请求: GET /daily-analysis.html
[2026-05-04 11:19:29] [INFO] API请求: GET /daily-analysis.html
[2026-05-04 11:19:29] [INFO] 请求: GET /daily-analysis.html
[2026-05-04 11:19:29] [INFO] API请求: GET /daily-analysis.html
[2026-05-04 11:19:55] [INFO] ApiHandler初始化完成
[2026-05-04 11:19:55] [INFO] HTTP服务器启动成功
[2026-05-04 11:19:55] [INFO] HTTP服务器已启动，监听端口 9095
[2026-05-04 11:22:17] [INFO] ApiHandler初始化完成
[2026-05-04 11:22:17] [INFO] HTTP服务器启动成功
[2026-05-04 11:22:17] [INFO] HTTP服务器已启动，监听端口 9095
[2026-05-04 11:22:49] [INFO] 请求: GET /daily-analysis.html
[2026-05-04 11:22:49] [INFO] API请求: GET /daily-analysis.html
[2026-05-04 11:22:49] [INFO] 请求: GET /daily-analysis.html
[2026-05-04 11:22:49] [INFO] API请求: GET /daily-analysis.html
[2026-05-04 11:23:09] [INFO] 请求: GET /daily-analysis.html
[2026-05-04 11:23:09] [INFO] API请求: GET /daily-analysis.html
[2026-05-04 11:23:09] [INFO] 请求: GET /daily-analysis.html
[2026-05-04 11:23:09] [INFO] API请求: GET /daily-analysis.html
[2026-05-04 11:25:22] [INFO] ApiHandler初始化完成
[2026-05-04 11:25:22] [INFO] HTTP服务器启动成功
[2026-05-04 11:25:22] [INFO] HTTP服务器已启动，监听端口 9095
[2026-05-04 11:25:32] [INFO] 请求: GET /daily-analysis.html
[2026-05-04 11:25:32] [INFO] API请求: GET /daily-analysis.html
[2026-05-04 11:25:32] [INFO] 请求: GET /daily-analysis.html
[2026-05-04 11:25:32] [INFO] API请求: GET /daily-analysis.html
[2026-05-04 11:25:44] [INFO] 请求: GET /daily-analysis.html
[2026-05-04 11:25:44] [INFO] API请求: GET /daily-analysis.html
[2026-05-04 11:25:44] [INFO] 请求: GET /daily-analysis.html
[2026-05-04 11:25:44] [INFO] API请求: GET /daily-analysis.html
[2026-05-04 11:27:34] [INFO] ApiHandler初始化完成
[2026-05-04 11:27:34] [INFO] HTTP服务器启动成功
[2026-05-04 11:27:34] [INFO] HTTP服务器已启动，监听端口 9095
[2026-05-04 11:27:45] [INFO] 请求: GET /daily-analysis.html
[2026-05-04 11:27:45] [INFO] 请求: GET /daily-analysis.html
[2026-05-04 11:27:45] [ERROR] HTTP监听器异常: 指定的网络名不再可用。
[2026-05-04 11:27:55] [INFO] 请求: GET /daily-analysis.html
[2026-05-04 11:27:55] [INFO] 请求: GET /daily-analysis.html
[2026-05-04 11:27:55] [ERROR] HTTP监听器异常: 指定的网络名不再可用。
[2026-05-04 11:45:41] [INFO] ApiHandler初始化完成
[2026-05-04 11:45:41] [INFO] HTTP服务器启动成功
[2026-05-04 11:45:41] [INFO] HTTP服务器已启动，监听端口 9094
[2026-05-04 11:45:45] [INFO] 请求: GET /
[2026-05-04 11:45:51] [INFO] 请求: GET /daily-analysis.html
[2026-05-04 11:45:51] [INFO] 请求: GET /daily-analysis.html
[2026-05-04 11:45:51] [ERROR] HTTP监听器异常: 指定的网络名不再可用。
[2026-05-04 11:46:04] [INFO] 请求: GET /
[2026-05-04 11:49:01] [INFO] 请求: POST /login
[2026-05-04 11:49:01] [INFO] API请求: POST /login
[2026-05-04 11:49:01] [INFO] 登录尝试: 用户名=lhbdb
[2026-05-04 11:49:01] [INFO] 登录尝试: 密码长度=6
[2026-05-04 11:49:01] [INFO] 尝试备用路径: d:\AI\tran\config.dat
[2026-05-04 11:49:01] [INFO] 配置文件路径: d:\AI\tran\config.dat
[2026-05-04 11:49:01] [INFO] 配置文件内容长度: 120
[2026-05-04 11:49:01] [ERROR] 解密过程异常: The input is not a valid Base-64 string as it contains a non-base 64 character, more than two padding characters, or an illegal character among the padding characters.
[2026-05-04 11:49:01] [INFO] 配置文件为明文，加载成功
[2026-05-04 11:49:01] [INFO] TJYHB表已存在，检查并添加缺失的列...
[2026-05-04 11:49:02] [INFO] TJYHB表结构检查完成
[2026-05-04 11:49:02] [INFO] 登录成功: 用户名=lhbdb, 是管理员=True
[2026-05-04 11:49:02] [INFO] 请求: GET /main
[2026-05-04 11:49:02] [INFO] 请求: GET /daily-analysis.html
[2026-05-04 11:49:02] [INFO] 请求: GET /get-system-types
[2026-05-04 11:49:02] [INFO] 文件不存在: D:\AI\tran\DbProcedureCaller\templates\get-system-types.html
[2026-05-04 11:55:21] [INFO] 请求: GET /daily-analysis.html
[2026-05-04 11:55:21] [INFO] 请求: GET /get-system-types
[2026-05-04 11:55:21] [INFO] 文件不存在: D:\AI\tran\DbProcedureCaller\templates\get-system-types.html
[2026-05-04 11:55:21] [INFO] 请求: GET /get-reporters
[2026-05-04 11:55:21] [INFO] 请求: GET /get-reviewers
[2026-05-04 11:55:21] [INFO] 文件不存在: D:\AI\tran\DbProcedureCaller\templates\get-reviewers.html
[2026-05-04 11:55:21] [INFO] 文件不存在: D:\AI\tran\DbProcedureCaller\templates\get-reporters.html
[2026-05-04 11:55:21] [INFO] 请求: GET /get-categories
[2026-05-04 11:55:21] [INFO] 请求: GET /get-departments
[2026-05-04 11:55:21] [INFO] 文件不存在: D:\AI\tran\DbProcedureCaller\templates\get-categories.html
[2026-05-04 11:55:21] [INFO] 请求: GET /get-patient-types
[2026-05-04 11:55:21] [INFO] 文件不存在: D:\AI\tran\DbProcedureCaller\templates\get-departments.html
[2026-05-04 11:55:21] [INFO] 请求: GET /get-result-status
[2026-05-04 11:55:21] [INFO] 文件不存在: D:\AI\tran\DbProcedureCaller\templates\get-patient-types.html
[2026-05-04 11:55:21] [INFO] 文件不存在: D:\AI\tran\DbProcedureCaller\templates\get-result-status.html
[2026-05-04 11:55:35] [INFO] 请求: GET /index
[2026-05-04 11:55:39] [INFO] 请求: GET /daily-analysis.html
[2026-05-04 11:55:39] [INFO] 请求: GET /get-system-types
[2026-05-04 11:55:39] [INFO] 请求: GET /get-reporters
[2026-05-04 11:55:39] [INFO] 请求: GET /get-reviewers
[2026-05-04 11:55:39] [INFO] 文件不存在: D:\AI\tran\DbProcedureCaller\templates\get-system-types.html
[2026-05-04 11:55:39] [INFO] 文件不存在: D:\AI\tran\DbProcedureCaller\templates\get-reporters.html
[2026-05-04 11:55:39] [INFO] 请求: GET /get-departments
[2026-05-04 11:55:39] [INFO] 文件不存在: D:\AI\tran\DbProcedureCaller\templates\get-reviewers.html
[2026-05-04 11:55:39] [INFO] 请求: GET /get-categories
[2026-05-04 11:55:39] [INFO] 文件不存在: D:\AI\tran\DbProcedureCaller\templates\get-categories.html
[2026-05-04 11:55:39] [INFO] 请求: GET /get-patient-types
[2026-05-04 11:55:39] [INFO] 文件不存在: D:\AI\tran\DbProcedureCaller\templates\get-patient-types.html
[2026-05-04 11:55:39] [INFO] 文件不存在: D:\AI\tran\DbProcedureCaller\templates\get-departments.html
[2026-05-04 11:55:39] [INFO] 请求: GET /get-result-status
[2026-05-04 11:55:39] [INFO] 文件不存在: D:\AI\tran\DbProcedureCaller\templates\get-result-status.html
[2026-05-04 12:25:51] [INFO] 请求: GET /daily-analysis.html
[2026-05-04 12:25:52] [INFO] 请求: GET /get-all-options
[2026-05-04 12:25:52] [INFO] API请求: GET /get-all-options
[2026-05-04 12:25:52] [INFO] 获取所有下拉框选项（聚合API）
[2026-05-04 12:25:59] [INFO] 请求: POST /daily-analysis
[2026-05-04 12:25:59] [INFO] API请求: POST /daily-analysis
[2026-05-04 12:25:59] [INFO] 每日分析请求: startDate=2026-04-30, endDate=2026-05-04, system=, reporter=, reviewer=, technician=, department=, category=, patientType=, resultStatus=, sortBy=任务数量, sortOrder=DESC, pageSize=0, pageIndex=1
[2026-05-04 12:25:59] [INFO] 执行SQL查询: 
                SELECT
                    ISNULL(CASE t.SYSTEM_SOURCE_NO 
                        WHEN 'UIS' THEN '超声' 
                        WHEN 'RIS' THEN '放射' 
                        WHEN 'EIS' THEN '内镜' 
                        WHEN 'PIS' THEN '病理'
                        WHEN 'NMS' THEN '核医学'
                        ELSE t.SYSTEM_SOURCE_NO 
                    END, '') AS 系统,
                    ISNULL(r.REPORTER_NAME, '') AS 报告医生,
                    ISNULL(r.REVIEWER_NAME, '') AS 审核
[2026-05-04 12:26:06] [ERROR] 记录查询历史失败: 对象名 'DAILY_QUERY_HISTORY' 无效。
[2026-05-04 12:26:15] [INFO] 请求: POST /daily-analysis
[2026-05-04 12:26:15] [INFO] API请求: POST /daily-analysis
[2026-05-04 12:26:15] [INFO] 每日分析请求: startDate=2026-03-31, endDate=2026-04-29, system=, reporter=, reviewer=, technician=, department=, category=, patientType=, resultStatus=, sortBy=任务数量, sortOrder=DESC, pageSize=0, pageIndex=1
[2026-05-04 12:26:15] [INFO] 执行SQL查询: 
                SELECT
                    ISNULL(CASE t.SYSTEM_SOURCE_NO 
                        WHEN 'UIS' THEN '超声' 
                        WHEN 'RIS' THEN '放射' 
                        WHEN 'EIS' THEN '内镜' 
                        WHEN 'PIS' THEN '病理'
                        WHEN 'NMS' THEN '核医学'
                        ELSE t.SYSTEM_SOURCE_NO 
                    END, '') AS 系统,
                    ISNULL(r.REPORTER_NAME, '') AS 报告医生,
                    ISNULL(r.REVIEWER_NAME, '') AS 审核
[2026-05-04 12:26:16] [ERROR] 记录查询历史失败: 对象名 'DAILY_QUERY_HISTORY' 无效。
[2026-05-04 12:27:34] [INFO] HTTP服务器已停止
[2026-05-04 12:27:34] [INFO] 程序正在退出
[2026-05-04 12:27:34] [INFO] HTTP服务器已停止
[2026-05-04 12:27:35] [INFO] HTTP服务器已停止
[2026-05-04 12:27:35] [INFO] 程序正在退出
[2026-05-04 12:27:35] [INFO] HTTP服务器已停止
[2026-05-04 12:34:29] [INFO] ApiHandler初始化完成
[2026-05-04 12:34:29] [INFO] HTTP服务器启动成功
[2026-05-04 12:34:29] [INFO] HTTP服务器已启动，监听端口 9094
[2026-05-04 12:34:54] [INFO] 请求: GET /daily-analysis.html
[2026-05-04 12:34:54] [INFO] 请求: GET /get-all-options
[2026-05-04 12:34:54] [INFO] API请求: GET /get-all-options
[2026-05-04 12:34:54] [INFO] 获取所有下拉框选项（聚合API）
[2026-05-04 12:34:54] [INFO] 尝试备用路径: d:\AI\tran\config.dat
[2026-05-04 12:34:54] [INFO] 配置文件路径: d:\AI\tran\config.dat
[2026-05-04 12:34:54] [INFO] 配置文件内容长度: 120
[2026-05-04 12:34:54] [ERROR] 解密过程异常: The input is not a valid Base-64 string as it contains a non-base 64 character, more than two padding characters, or an illegal character among the padding characters.
[2026-05-04 12:34:54] [INFO] 配置文件为明文，加载成功
[2026-05-04 12:35:44] [INFO] ApiHandler初始化完成
[2026-05-04 12:35:44] [INFO] HTTP服务器启动成功
[2026-05-04 12:35:44] [INFO] HTTP服务器已启动，监听端口 9095
[2026-05-04 12:36:24] [INFO] ApiHandler初始化完成
[2026-05-04 12:36:24] [INFO] HTTP服务器启动成功
[2026-05-04 12:36:24] [INFO] HTTP服务器已启动，监听端口 8081
[2026-05-04 12:37:06] [INFO] ApiHandler初始化完成
[2026-05-04 12:37:06] [INFO] HTTP服务器启动成功
[2026-05-04 12:37:06] [INFO] HTTP服务器已启动，监听端口 50000
[2026-05-04 12:40:22] [INFO] ApiHandler初始化完成
[2026-05-04 12:40:22] [INFO] HTTP服务器启动成功
[2026-05-04 12:40:22] [INFO] HTTP服务器已启动，监听端口 50000
[2026-05-04 12:42:05] [INFO] ApiHandler初始化完成
[2026-05-04 12:42:05] [INFO] HTTP服务器启动成功
[2026-05-04 12:42:05] [INFO] HTTP服务器已启动，监听端口 50000
[2026-05-04 12:43:33] [INFO] ApiHandler初始化完成
[2026-05-04 12:43:33] [INFO] HTTP服务器启动成功
[2026-05-04 12:43:33] [INFO] HTTP服务器已启动，监听端口 50000
[2026-05-04 12:45:06] [INFO] ApiHandler初始化完成
[2026-05-04 12:45:06] [INFO] HTTP服务器启动成功
[2026-05-04 12:45:06] [INFO] HTTP服务器已启动，监听端口 50000
[2026-05-04 12:46:42] [INFO] ApiHandler初始化完成
[2026-05-04 12:46:42] [INFO] HTTP服务器启动成功
[2026-05-04 12:46:42] [INFO] HTTP服务器已启动，监听端口 50000
[2026-05-04 12:48:03] [INFO] ApiHandler初始化完成
[2026-05-04 12:48:03] [INFO] HTTP服务器启动成功
[2026-05-04 12:48:03] [INFO] HTTP服务器已启动，监听端口 50000
[2026-05-04 13:05:56] [INFO] 请求: GET /
[2026-05-04 13:05:56] [INFO] 请求: GET /favicon.ico
[2026-05-04 13:05:56] [INFO] 文件不存在: D:\AI\tran\DbProcedureCaller\templates\favicon.ico
[2026-05-04 13:06:00] [INFO] 请求: POST /login
[2026-05-04 13:06:00] [INFO] API请求: POST /login
[2026-05-04 13:06:00] [INFO] 登录尝试: 用户名=lhbdb
[2026-05-04 13:06:00] [INFO] 登录尝试: 密码长度=6
[2026-05-04 13:06:00] [INFO] 尝试备用路径: d:\AI\tran\config.dat
[2026-05-04 13:06:00] [INFO] 配置文件路径: d:\AI\tran\config.dat
[2026-05-04 13:06:00] [INFO] 配置文件内容长度: 120
[2026-05-04 13:06:00] [ERROR] 解密过程异常: The input is not a valid Base-64 string as it contains a non-base 64 character, more than two padding characters, or an illegal character among the padding characters.
[2026-05-04 13:06:00] [INFO] 配置文件为明文，加载成功
[2026-05-04 13:06:01] [INFO] TJYHB表已存在，检查并添加缺失的列...
[2026-05-04 13:06:01] [INFO] TJYHB表结构检查完成
[2026-05-04 13:06:01] [INFO] 登录成功: 用户名=lhbdb, 是管理员=True
[2026-05-04 13:06:01] [INFO] 请求: GET /main
[2026-05-04 13:06:01] [INFO] 请求: GET /daily-analysis.html
[2026-05-04 13:06:01] [INFO] 请求: GET /get-all-options
[2026-05-04 13:06:01] [INFO] API请求: GET /get-all-options
[2026-05-04 13:06:01] [INFO] 获取所有下拉框选项（聚合API）
[2026-05-04 13:06:06] [INFO] 请求: GET /index
[2026-05-04 13:06:08] [INFO] 请求: GET /server-config.html
[2026-05-04 13:06:08] [INFO] 请求: GET /get-port
[2026-05-04 13:06:08] [INFO] API请求: GET /get-port
[2026-05-04 13:06:12] [INFO] 请求: GET /user-config.html
[2026-05-04 13:06:12] [INFO] 请求: GET /get-users
[2026-05-04 13:06:12] [INFO] API请求: GET /get-users
[2026-05-04 13:06:12] [INFO] 返回用户列表: {"success": true, "data": [{"id":1,"username":"lhbdb","role":"管理员","status":"启用"},{"id":990,"username":"卢淇","role":"普通用户","status":"启用"}]}
[2026-05-04 13:06:12] [INFO] 请求: GET /permission-config.html
[2026-05-04 13:06:12] [INFO] 请求: GET /param-config.html
[2026-05-04 13:06:13] [INFO] 请求: GET /complex-config.html
[2026-05-04 13:06:14] [INFO] 请求: GET /index
[2026-05-04 13:06:15] [INFO] 请求: GET /daily-analysis.html
[2026-05-04 13:06:15] [INFO] 请求: GET /get-all-options
[2026-05-04 13:06:15] [INFO] API请求: GET /get-all-options
[2026-05-04 13:06:15] [INFO] 获取所有下拉框选项（聚合API）
[2026-05-04 13:06:17] [ERROR] HTTP监听器异常: 指定的网络名不再可用。
[2026-05-04 13:08:27] [INFO] 请求: GET /main
[2026-05-04 13:08:27] [INFO] 请求: GET /daily-analysis.html
[2026-05-04 13:08:27] [INFO] 请求: GET /get-all-options
[2026-05-04 13:08:27] [INFO] API请求: GET /get-all-options
[2026-05-04 13:08:27] [INFO] 获取所有下拉框选项（聚合API）
[2026-05-04 13:08:30] [INFO] 请求: GET /
[2026-05-04 13:08:35] [INFO] 请求: POST /login
[2026-05-04 13:08:35] [INFO] API请求: POST /login
[2026-05-04 13:08:35] [INFO] 登录尝试: 用户名=lhbdb
[2026-05-04 13:08:35] [INFO] 登录尝试: 密码长度=6
[2026-05-04 13:08:35] [INFO] 登录成功: 用户名=lhbdb, 是管理员=True
[2026-05-04 13:08:35] [INFO] 请求: GET /main
[2026-05-04 13:08:35] [INFO] 请求: GET /daily-analysis.html
[2026-05-04 13:08:35] [INFO] 请求: GET /get-all-options
[2026-05-04 13:08:35] [INFO] API请求: GET /get-all-options
[2026-05-04 13:08:35] [INFO] 获取所有下拉框选项（聚合API）
[2026-05-04 13:08:36] [INFO] 请求: GET /daily-analysis.html
[2026-05-04 13:08:37] [INFO] 请求: GET /get-all-options
[2026-05-04 13:08:37] [INFO] API请求: GET /get-all-options
[2026-05-04 13:08:37] [INFO] 获取所有下拉框选项（聚合API）
[2026-05-04 13:08:58] [INFO] 请求: POST /department-statistics
[2026-05-04 13:08:58] [INFO] 文件不存在: D:\AI\tran\DbProcedureCaller\templates\department-statistics.html
[2026-05-04 13:09:01] [INFO] 请求: GET /daily-analysis.html
[2026-05-04 13:09:01] [INFO] 请求: GET /get-all-options
[2026-05-04 13:09:01] [INFO] API请求: GET /get-all-options
[2026-05-04 13:09:01] [INFO] 获取所有下拉框选项（聚合API）
[2026-05-04 13:09:07] [INFO] 请求: GET /daily-analysis.html
[2026-05-04 13:09:07] [INFO] 请求: GET /get-all-options
[2026-05-04 13:09:07] [INFO] API请求: GET /get-all-options
[2026-05-04 13:09:07] [INFO] 获取所有下拉框选项（聚合API）
[2026-05-04 13:09:11] [INFO] 请求: GET /daily-analysis.html
[2026-05-04 13:09:11] [INFO] 请求: GET /get-all-options
[2026-05-04 13:09:11] [INFO] API请求: GET /get-all-options
[2026-05-04 13:09:11] [INFO] 获取所有下拉框选项（聚合API）
[2026-05-04 13:28:52] [INFO] 请求: GET /main
[2026-05-04 13:28:52] [INFO] 请求: GET /daily-analysis.html
[2026-05-04 13:28:52] [INFO] 请求: GET /get-all-options
[2026-05-04 13:28:52] [INFO] API请求: GET /get-all-options
[2026-05-04 13:28:52] [INFO] 获取所有下拉框选项（聚合API）
[2026-05-04 13:28:53] [INFO] 请求: GET /daily-analysis.html
[2026-05-04 13:28:53] [INFO] 请求: GET /get-all-options
[2026-05-04 13:28:53] [INFO] API请求: GET /get-all-options
[2026-05-04 13:28:53] [INFO] 获取所有下拉框选项（聚合API）
[2026-05-04 13:29:01] [INFO] 请求: GET /main
[2026-05-04 13:29:01] [INFO] 请求: GET /daily-analysis.html
[2026-05-04 13:29:01] [INFO] 请求: GET /get-all-options
[2026-05-04 13:29:01] [INFO] API请求: GET /get-all-options
[2026-05-04 13:29:01] [INFO] 获取所有下拉框选项（聚合API）
[2026-05-04 13:29:01] [ERROR] HTTP监听器异常: 指定的网络名不再可用。
[2026-05-04 13:29:01] [ERROR] HTTP监听器异常: 指定的网络名不再可用。
[2026-05-04 13:29:02] [INFO] 请求: GET /
[2026-05-04 13:29:04] [INFO] 请求: GET /
[2026-05-04 13:29:10] [INFO] 请求: POST /login
[2026-05-04 13:29:10] [INFO] API请求: POST /login
[2026-05-04 13:29:10] [INFO] 登录尝试: 用户名=lhbdb
[2026-05-04 13:29:10] [INFO] 登录尝试: 密码长度=6
[2026-05-04 13:29:11] [INFO] 登录成功: 用户名=lhbdb, 是管理员=True
[2026-05-04 13:29:11] [INFO] 请求: GET /main
[2026-05-04 13:29:11] [INFO] 请求: GET /daily-analysis.html
[2026-05-04 13:29:11] [INFO] 请求: GET /get-all-options
[2026-05-04 13:29:11] [INFO] API请求: GET /get-all-options
[2026-05-04 13:29:11] [INFO] 获取所有下拉框选项（聚合API）
[2026-05-04 13:29:14] [INFO] 请求: GET /daily-analysis.html
[2026-05-04 13:29:14] [INFO] 请求: GET /get-all-options
[2026-05-04 13:29:14] [INFO] API请求: GET /get-all-options
[2026-05-04 13:29:14] [INFO] 获取所有下拉框选项（聚合API）
[2026-05-04 13:29:20] [ERROR] HTTP监听器异常: 指定的网络名不再可用。
[2026-05-04 13:32:17] [INFO] 请求: GET /main
[2026-05-04 13:32:17] [INFO] 请求: GET /daily-analysis.html
[2026-05-04 13:32:17] [INFO] 请求: GET /get-all-options
[2026-05-04 13:32:17] [INFO] API请求: GET /get-all-options
[2026-05-04 13:32:17] [INFO] 获取所有下拉框选项（聚合API）
[2026-05-04 13:32:25] [INFO] 请求: GET /main
[2026-05-04 13:32:25] [INFO] 请求: GET /daily-analysis.html
[2026-05-04 13:32:25] [INFO] 请求: GET /get-all-options
[2026-05-04 13:32:25] [INFO] API请求: GET /get-all-options
[2026-05-04 13:32:25] [INFO] 获取所有下拉框选项（聚合API）
[2026-05-04 13:32:26] [INFO] 请求: GET /main
[2026-05-04 13:32:26] [INFO] 请求: GET /daily-analysis.html
[2026-05-04 13:32:26] [INFO] 请求: GET /get-all-options
[2026-05-04 13:32:26] [INFO] API请求: GET /get-all-options
[2026-05-04 13:32:26] [INFO] 获取所有下拉框选项（聚合API）
[2026-05-04 13:34:06] [INFO] 请求: GET /
[2026-05-04 13:34:11] [INFO] 请求: POST /login
[2026-05-04 13:34:11] [INFO] API请求: POST /login
[2026-05-04 13:34:11] [INFO] 登录尝试: 用户名=lhbdb
[2026-05-04 13:34:11] [INFO] 登录尝试: 密码长度=6
[2026-05-04 13:34:12] [INFO] 登录成功: 用户名=lhbdb, 是管理员=True
[2026-05-04 13:34:12] [INFO] 请求: GET /main
[2026-05-04 13:34:12] [INFO] 请求: GET /daily-analysis.html
[2026-05-04 13:34:12] [INFO] 请求: GET /get-all-options
[2026-05-04 13:34:12] [INFO] API请求: GET /get-all-options
[2026-05-04 13:34:12] [INFO] 获取所有下拉框选项（聚合API）
[2026-05-04 13:34:13] [INFO] 请求: GET /daily-analysis.html
[2026-05-04 13:34:13] [INFO] 请求: GET /get-all-options
[2026-05-04 13:34:13] [INFO] API请求: GET /get-all-options
[2026-05-04 13:34:13] [INFO] 获取所有下拉框选项（聚合API）
[2026-05-04 13:34:17] [INFO] 请求: GET /main
[2026-05-04 13:34:17] [INFO] 请求: GET /daily-analysis.html
[2026-05-04 13:34:17] [INFO] 请求: GET /get-all-options
[2026-05-04 13:34:17] [INFO] API请求: GET /get-all-options
[2026-05-04 13:34:17] [INFO] 获取所有下拉框选项（聚合API）
[2026-05-04 13:34:20] [ERROR] HTTP监听器异常: 指定的网络名不再可用。
[2026-05-04 13:34:20] [ERROR] HTTP监听器异常: 指定的网络名不再可用。
[2026-05-04 13:36:04] [INFO] 请求: GET /main
[2026-05-04 13:36:04] [INFO] 请求: GET /daily-analysis.html
[2026-05-04 13:36:04] [INFO] 请求: GET /get-all-options
[2026-05-04 13:36:05] [INFO] 请求: GET /daily-analysis.html
[2026-05-04 13:36:05] [INFO] API请求: GET /get-all-options
[2026-05-04 13:36:05] [INFO] 获取所有下拉框选项（聚合API）
[2026-05-04 13:36:05] [INFO] 请求: GET /get-all-options
[2026-05-04 13:36:05] [INFO] API请求: GET /get-all-options
[2026-05-04 13:36:05] [INFO] 获取所有下拉框选项（聚合API）
[2026-05-04 13:36:07] [INFO] 请求: GET /server-config.html
[2026-05-04 13:36:07] [INFO] 请求: GET /get-port
[2026-05-04 13:36:07] [INFO] API请求: GET /get-port
[2026-05-04 13:36:10] [INFO] 请求: GET /index
[2026-05-04 13:36:12] [ERROR] HTTP监听器异常: 指定的网络名不再可用。
[2026-05-04 13:36:12] [ERROR] HTTP监听器异常: 指定的网络名不再可用。
[2026-05-04 13:36:16] [INFO] 请求: POST /login
[2026-05-04 13:36:16] [INFO] API请求: POST /login
[2026-05-04 13:36:16] [INFO] 登录尝试: 用户名=lhbdb
[2026-05-04 13:36:16] [INFO] 登录尝试: 密码长度=6
[2026-05-04 13:36:17] [INFO] 登录失败: 用户名=lhbdb, 原因: 用户名或密码错误
[2026-05-04 13:36:21] [INFO] 请求: POST /login
[2026-05-04 13:36:21] [INFO] API请求: POST /login
[2026-05-04 13:36:21] [INFO] 登录尝试: 用户名=lhbdb
[2026-05-04 13:36:21] [INFO] 登录尝试: 密码长度=6
[2026-05-04 13:36:21] [INFO] 登录成功: 用户名=lhbdb, 是管理员=True
[2026-05-04 13:36:21] [INFO] 请求: GET /main
[2026-05-04 13:36:21] [INFO] 请求: GET /daily-analysis.html
[2026-05-04 13:36:21] [INFO] 请求: GET /get-all-options
[2026-05-04 13:36:21] [INFO] API请求: GET /get-all-options
[2026-05-04 13:36:21] [INFO] 获取所有下拉框选项（聚合API）
[2026-05-04 13:36:22] [INFO] 请求: GET /user-config.html
[2026-05-04 13:36:22] [INFO] 请求: GET /get-users
[2026-05-04 13:36:22] [INFO] API请求: GET /get-users
[2026-05-04 13:36:22] [INFO] 返回用户列表: {"success": true, "data": [{"id":1,"username":"lhbdb","role":"管理员","status":"启用"},{"id":990,"username":"卢淇","role":"普通用户","status":"启用"}]}
[2026-05-04 13:36:24] [INFO] 请求: GET /index
[2026-05-04 13:39:11] [INFO] 请求: GET /main
[2026-05-04 13:39:11] [INFO] 请求: GET /daily-analysis.html
[2026-05-04 13:39:11] [INFO] 请求: GET /get-all-options
[2026-05-04 13:39:11] [INFO] API请求: GET /get-all-options
[2026-05-04 13:39:11] [INFO] 获取所有下拉框选项（聚合API）
[2026-05-04 13:39:15] [INFO] 请求: GET /
[2026-05-04 13:39:22] [INFO] 请求: POST /login
[2026-05-04 13:39:22] [INFO] API请求: POST /login
[2026-05-04 13:39:22] [INFO] 登录尝试: 用户名=lhbdb
[2026-05-04 13:39:22] [INFO] 登录尝试: 密码长度=6
[2026-05-04 13:39:23] [INFO] 登录成功: 用户名=lhbdb, 是管理员=True
[2026-05-04 13:39:23] [INFO] 请求: GET /main
[2026-05-04 13:39:23] [INFO] 请求: GET /daily-analysis.html
[2026-05-04 13:39:23] [INFO] 请求: GET /get-all-options
[2026-05-04 13:39:23] [INFO] API请求: GET /get-all-options
[2026-05-04 13:39:23] [INFO] 获取所有下拉框选项（聚合API）
[2026-05-04 13:39:24] [INFO] 请求: GET /daily-analysis.html
[2026-05-04 13:39:24] [INFO] 请求: GET /get-all-options
[2026-05-04 13:39:24] [INFO] API请求: GET /get-all-options
[2026-05-04 13:39:24] [INFO] 获取所有下拉框选项（聚合API）
[2026-05-04 13:39:30] [INFO] 请求: GET /server-config.html
[2026-05-04 13:39:30] [INFO] 请求: GET /get-port
[2026-05-04 13:39:30] [INFO] API请求: GET /get-port
[2026-05-04 13:39:33] [INFO] 请求: GET /user-config.html
[2026-05-04 13:39:33] [INFO] 请求: GET /get-users
[2026-05-04 13:39:33] [INFO] API请求: GET /get-users
[2026-05-04 13:39:33] [INFO] 返回用户列表: {"success": true, "data": [{"id":1,"username":"lhbdb","role":"管理员","status":"启用"},{"id":990,"username":"卢淇","role":"普通用户","status":"启用"}]}
[2026-05-04 13:39:37] [INFO] 请求: GET /permission-config.html
[2026-05-04 13:39:39] [INFO] 请求: GET /param-config.html
[2026-05-04 13:39:42] [INFO] 请求: GET /complex-config.html
[2026-05-04 13:40:26] [INFO] 请求: GET /daily-analysis.html
[2026-05-04 13:40:27] [INFO] 请求: GET /get-all-options
[2026-05-04 13:40:27] [INFO] API请求: GET /get-all-options
[2026-05-04 13:40:27] [INFO] 获取所有下拉框选项（聚合API）
[2026-05-04 13:53:50] [INFO] 请求: GET /main
[2026-05-04 13:53:50] [INFO] 请求: GET /daily-analysis.html
[2026-05-04 13:53:50] [INFO] 请求: GET /get-all-options
[2026-05-04 13:53:50] [INFO] API请求: GET /get-all-options
[2026-05-04 13:53:50] [INFO] 获取所有下拉框选项（聚合API）
[2026-05-04 13:53:51] [INFO] 请求: GET /main
[2026-05-04 13:53:51] [INFO] 请求: GET /daily-analysis.html
[2026-05-04 13:53:51] [INFO] 请求: GET /get-all-options
[2026-05-04 13:53:51] [INFO] API请求: GET /get-all-options
[2026-05-04 13:53:51] [INFO] 获取所有下拉框选项（聚合API）
[2026-05-04 13:53:51] [INFO] 请求: GET /main
[2026-05-04 13:53:51] [INFO] 请求: GET /daily-analysis.html
[2026-05-04 13:53:51] [INFO] 请求: GET /get-all-options
[2026-05-04 13:53:51] [INFO] API请求: GET /get-all-options
[2026-05-04 13:53:51] [INFO] 获取所有下拉框选项（聚合API）
[2026-05-04 13:53:51] [INFO] 请求: GET /main
[2026-05-04 13:53:51] [INFO] 请求: GET /daily-analysis.html
[2026-05-04 13:53:51] [INFO] 请求: GET /get-all-options
[2026-05-04 13:53:51] [INFO] API请求: GET /get-all-options
[2026-05-04 13:53:51] [INFO] 获取所有下拉框选项（聚合API）
[2026-05-04 13:53:52] [INFO] 请求: GET /
[2026-05-04 13:53:56] [INFO] 请求: POST /login
[2026-05-04 13:53:56] [INFO] API请求: POST /login
[2026-05-04 13:53:56] [INFO] 登录尝试: 用户名=lhbdb
[2026-05-04 13:53:56] [INFO] 登录尝试: 密码长度=6
[2026-05-04 13:53:59] [INFO] 请求: POST /login
[2026-05-04 13:53:59] [INFO] API请求: POST /login
[2026-05-04 13:53:59] [INFO] 登录尝试: 用户名=lhbdb
[2026-05-04 13:53:59] [INFO] 登录尝试: 密码长度=6
[2026-05-04 13:53:59] [INFO] 登录成功: 用户名=lhbdb, 是管理员=True
[2026-05-04 13:53:59] [INFO] 登录成功: 用户名=lhbdb, 是管理员=True
[2026-05-04 13:53:59] [INFO] 请求: GET /main
[2026-05-04 13:53:59] [INFO] 请求: GET /main
[2026-05-04 13:53:59] [INFO] 请求: GET /daily-analysis.html
[2026-05-04 13:53:59] [ERROR] HTTP监听器异常: 指定的网络名不再可用。
[2026-05-04 13:53:59] [ERROR] HTTP监听器异常: 指定的网络名不再可用。
[2026-05-04 13:53:59] [ERROR] HTTP监听器异常: 指定的网络名不再可用。
[2026-05-04 13:53:59] [INFO] 请求: GET /get-all-options
[2026-05-04 13:53:59] [INFO] API请求: GET /get-all-options
[2026-05-04 13:53:59] [INFO] 获取所有下拉框选项（聚合API）
[2026-05-04 13:54:00] [INFO] 请求: GET /daily-analysis.html
[2026-05-04 13:54:00] [INFO] 请求: GET /get-all-options
[2026-05-04 13:54:00] [INFO] API请求: GET /get-all-options
[2026-05-04 13:54:00] [INFO] 获取所有下拉框选项（聚合API）
[2026-05-04 13:54:03] [INFO] 请求: GET /user-config.html
[2026-05-04 13:54:03] [INFO] 请求: GET /get-users
[2026-05-04 13:54:03] [INFO] API请求: GET /get-users
[2026-05-04 13:54:03] [INFO] 返回用户列表: {"success": true, "data": [{"id":1,"username":"lhbdb","role":"管理员","status":"启用"},{"id":990,"username":"卢淇","role":"普通用户","status":"启用"}]}
[2026-05-04 13:54:05] [INFO] 请求: GET /permission-config.html
[2026-05-04 13:54:08] [INFO] 请求: GET /param-config.html
[2026-05-04 13:54:11] [INFO] 请求: GET /complex-config.html
[2026-05-04 13:54:14] [INFO] 请求: GET /server-config.html
[2026-05-04 13:54:14] [INFO] 请求: GET /get-port
[2026-05-04 13:54:14] [INFO] API请求: GET /get-port
[2026-05-04 13:54:16] [INFO] 请求: GET /get-db-config
[2026-05-04 13:54:16] [INFO] API请求: GET /get-db-config
[2026-05-04 13:54:18] [INFO] 请求: GET /
[2026-05-04 13:54:24] [INFO] 请求: POST /login
[2026-05-04 13:54:24] [INFO] API请求: POST /login
[2026-05-04 13:54:24] [INFO] 登录尝试: 用户名=lhbdb
[2026-05-04 13:54:24] [INFO] 登录尝试: 密码长度=6
[2026-05-04 13:54:24] [INFO] 登录成功: 用户名=lhbdb, 是管理员=True
[2026-05-04 13:54:24] [INFO] 请求: GET /main
[2026-05-04 13:54:24] [INFO] 请求: GET /daily-analysis.html
[2026-05-04 13:54:24] [INFO] 请求: GET /get-all-options
[2026-05-04 13:54:24] [INFO] API请求: GET /get-all-options
[2026-05-04 13:54:24] [INFO] 获取所有下拉框选项（聚合API）
[2026-05-04 13:54:26] [INFO] 请求: GET /server-config.html
[2026-05-04 13:54:26] [INFO] 请求: GET /get-port
[2026-05-04 13:54:26] [INFO] API请求: GET /get-port
[2026-05-04 14:57:19] [INFO] 请求: GET /main
[2026-05-04 14:57:19] [INFO] 请求: GET /daily-analysis.html
[2026-05-04 14:57:19] [INFO] 请求: GET /get-all-options
[2026-05-04 14:57:19] [INFO] API请求: GET /get-all-options
[2026-05-04 14:57:19] [INFO] 获取所有下拉框选项（聚合API）
[2026-05-04 14:57:20] [INFO] 请求: GET /daily-analysis.html
[2026-05-04 14:57:20] [INFO] 请求: GET /get-all-options
[2026-05-04 14:57:20] [INFO] API请求: GET /get-all-options
[2026-05-04 14:57:20] [INFO] 获取所有下拉框选项（聚合API）
[2026-05-04 14:57:21] [INFO] 请求: GET /main
[2026-05-04 14:57:21] [INFO] 请求: GET /daily-analysis.html
[2026-05-04 14:57:21] [INFO] 请求: GET /get-all-options
[2026-05-04 14:57:21] [INFO] API请求: GET /get-all-options
[2026-05-04 14:57:21] [INFO] 获取所有下拉框选项（聚合API）
[2026-05-04 14:57:22] [INFO] 请求: GET /main
[2026-05-04 14:57:22] [INFO] 请求: GET /daily-analysis.html
[2026-05-04 14:57:22] [INFO] 请求: GET /get-all-options
[2026-05-04 14:57:22] [INFO] API请求: GET /get-all-options
[2026-05-04 14:57:22] [INFO] 获取所有下拉框选项（聚合API）
[2026-05-04 14:57:28] [INFO] 请求: GET /
[2026-05-04 14:57:35] [INFO] 请求: POST /login
[2026-05-04 14:57:35] [INFO] API请求: POST /login
[2026-05-04 14:57:35] [INFO] 登录尝试: 用户名=lhbdb
[2026-05-04 14:57:35] [INFO] 登录尝试: 密码长度=6
[2026-05-04 14:57:36] [INFO] 登录成功: 用户名=lhbdb, 是管理员=True
[2026-05-04 14:57:36] [INFO] 请求: GET /main
[2026-05-04 14:57:37] [INFO] 请求: GET /daily-analysis.html
[2026-05-04 14:57:37] [ERROR] HTTP监听器异常: 指定的网络名不再可用。
[2026-05-04 14:57:37] [ERROR] HTTP监听器异常: 指定的网络名不再可用。
[2026-05-04 14:57:37] [ERROR] HTTP监听器异常: 指定的网络名不再可用。
[2026-05-04 14:57:37] [INFO] 请求: GET /get-all-options
[2026-05-04 14:57:37] [INFO] API请求: GET /get-all-options
[2026-05-04 14:57:37] [INFO] 获取所有下拉框选项（聚合API）
[2026-05-04 14:57:38] [INFO] 请求: GET /daily-analysis.html
[2026-05-04 14:57:38] [INFO] 请求: GET /get-all-options
[2026-05-04 14:57:38] [INFO] API请求: GET /get-all-options
[2026-05-04 14:57:38] [INFO] 获取所有下拉框选项（聚合API）
[2026-05-04 14:57:50] [INFO] 请求: GET /user-config.html
[2026-05-04 14:57:50] [INFO] 请求: GET /get-users
[2026-05-04 14:57:50] [INFO] API请求: GET /get-users
[2026-05-04 14:57:50] [INFO] 返回用户列表: {"success": true, "data": [{"id":1,"username":"lhbdb","role":"管理员","status":"启用"},{"id":990,"username":"卢淇","role":"普通用户","status":"启用"}]}
[2026-05-04 14:57:54] [INFO] 请求: GET /complex-config.html
[2026-05-04 14:57:59] [INFO] 请求: GET /param-config.html
[2026-05-04 14:58:02] [INFO] 请求: GET /server-config.html
[2026-05-04 14:58:02] [INFO] 请求: GET /get-port
[2026-05-04 14:58:02] [INFO] API请求: GET /get-port
[2026-05-04 14:58:04] [INFO] 请求: GET /get-db-config
[2026-05-04 14:58:04] [INFO] API请求: GET /get-db-config
[2026-05-04 16:31:16] [INFO] 请求: GET /main
[2026-05-04 16:31:16] [INFO] 请求: GET /daily-analysis.html
[2026-05-04 16:31:16] [INFO] 请求: GET /get-all-options
[2026-05-04 16:31:16] [INFO] API请求: GET /get-all-options
[2026-05-04 16:31:16] [INFO] 获取所有下拉框选项（聚合API）
[2026-05-04 16:31:17] [INFO] 请求: GET /user-config.html
[2026-05-04 16:31:17] [INFO] 请求: GET /get-users
[2026-05-04 16:31:17] [INFO] API请求: GET /get-users
[2026-05-04 16:31:18] [INFO] 返回用户列表: {"success": true, "data": [{"id":1,"username":"lhbdb","role":"管理员","status":"启用"},{"id":990,"username":"卢淇","role":"普通用户","status":"启用"}]}
[2026-05-04 16:31:24] [INFO] 请求: GET /main
[2026-05-04 16:31:24] [INFO] 请求: GET /daily-analysis.html
[2026-05-04 16:31:24] [INFO] 请求: GET /get-all-options
[2026-05-04 16:31:24] [INFO] API请求: GET /get-all-options
[2026-05-04 16:31:24] [INFO] 获取所有下拉框选项（聚合API）
[2026-05-04 16:31:25] [INFO] 请求: GET /complex-config.html
[2026-05-04 16:31:26] [ERROR] HTTP监听器异常: 指定的网络名不再可用。
[2026-05-04 16:31:26] [ERROR] HTTP监听器异常: 指定的网络名不再可用。
[2026-05-04 16:31:28] [INFO] 请求: GET /get-all-options
[2026-05-04 16:31:28] [INFO] API请求: GET /get-all-options
[2026-05-04 16:31:28] [INFO] 获取所有下拉框选项（聚合API）
[2026-05-04 16:31:30] [INFO] 请求: GET /get-all-options
[2026-05-04 16:31:30] [INFO] API请求: GET /get-all-options
[2026-05-04 16:31:30] [INFO] 获取所有下拉框选项（聚合API）
[2026-05-04 16:31:36] [INFO] 请求: GET /server-config.html
[2026-05-04 16:31:36] [INFO] 请求: GET /get-port
[2026-05-04 16:31:36] [INFO] API请求: GET /get-port
[2026-05-04 16:31:37] [INFO] 请求: GET /get-db-config
[2026-05-04 16:31:37] [INFO] API请求: GET /get-db-config
[2026-05-04 16:33:47] [INFO] 请求: GET /main
[2026-05-04 16:33:48] [INFO] 请求: GET /daily-analysis.html
[2026-05-04 16:33:48] [INFO] 请求: GET /get-all-options
[2026-05-04 16:33:48] [INFO] API请求: GET /get-all-options
[2026-05-04 16:33:48] [INFO] 获取所有下拉框选项（聚合API）
[2026-05-04 16:33:50] [INFO] 请求: GET /server-config.html
[2026-05-04 16:33:50] [INFO] 请求: GET /get-port
[2026-05-04 16:33:50] [INFO] API请求: GET /get-port
[2026-05-04 16:33:50] [INFO] 请求: GET /get-db-config
[2026-05-04 16:33:50] [INFO] API请求: GET /get-db-config
[2026-05-04 16:33:52] [INFO] 请求: POST /test-db-connection
[2026-05-04 16:33:52] [INFO] API请求: POST /test-db-connection
[2026-05-04 16:33:52] [INFO] 测试数据库连接: Server=127.0.0.1, Database=WiNEX_PACS, User=sa
[2026-05-04 16:33:52] [INFO] 数据库连接测试成功
[2026-05-04 16:33:53] [INFO] 请求: POST /update-db-config
[2026-05-04 16:33:53] [INFO] API请求: POST /update-db-config
[2026-05-04 16:33:53] [INFO] 尝试更新数据库配置
[2026-05-04 16:33:53] [INFO] 数据库配置更新成功
[2026-05-04 16:33:55] [ERROR] HTTP监听器异常: 指定的网络名不再可用。
[2026-05-04 16:34:02] [INFO] 请求: POST /set-port
[2026-05-04 16:34:02] [INFO] API请求: POST /set-port
[2026-05-04 16:34:02] [INFO] 端口配置已保存: 9094
[2026-05-04 16:34:03] [INFO] 请求: GET /get-port
[2026-05-04 16:34:03] [INFO] API请求: GET /get-port
[2026-05-04 17:55:02] [INFO] ApiHandler初始化完成
[2026-05-04 17:55:02] [ERROR] 启动HTTP服务器失败: 参数错误。
[2026-05-04 17:58:28] [INFO] ApiHandler初始化完成
[2026-05-04 17:58:28] [INFO] HTTP服务器启动成功
[2026-05-04 17:58:28] [INFO] HTTP服务器已启动，监听端口 9094
[2026-05-04 18:02:11] [INFO] 请求: GET /complex-config.html
[2026-05-04 18:02:15] [INFO] 请求: GET /main
[2026-05-04 18:02:15] [INFO] 请求: GET /daily-analysis.html
[2026-05-04 18:02:15] [INFO] 请求: GET /get-all-options
[2026-05-04 18:02:15] [INFO] API请求: GET /get-all-options
[2026-05-04 18:02:15] [INFO] 获取所有下拉框选项（聚合API）
[2026-05-04 18:02:15] [INFO] 尝试备用路径: d:\AI\tran\config.dat
[2026-05-04 18:02:15] [INFO] 配置文件路径: d:\AI\tran\config.dat
[2026-05-04 18:02:15] [INFO] 配置文件内容长度: 131
[2026-05-04 18:02:15] [ERROR] 解密过程异常: The input is not a valid Base-64 string as it contains a non-base 64 character, more than two padding characters, or an illegal character among the padding characters.
[2026-05-04 18:02:15] [INFO] 配置文件解密失败或内容无效，弹出配置窗口
[2026-05-04 18:02:15] [INFO] 尝试备用路径: d:\AI\tran\config.dat
[2026-05-04 18:02:15] [ERROR] 获取所有下拉框选项失败: Keyword not supported: 'port'.
[2026-05-04 18:02:17] [INFO] 请求: GET /main
[2026-05-04 18:02:17] [INFO] 请求: GET /daily-analysis.html
[2026-05-04 18:02:17] [INFO] 请求: GET /get-all-options
[2026-05-04 18:02:17] [INFO] API请求: GET /get-all-options
[2026-05-04 18:02:17] [INFO] 获取所有下拉框选项（聚合API）
[2026-05-04 18:02:17] [ERROR] 获取所有下拉框选项失败: Keyword not supported: 'port'.
[2026-05-04 18:02:17] [INFO] 请求: GET /main
[2026-05-04 18:02:17] [INFO] 请求: GET /daily-analysis.html
[2026-05-04 18:02:17] [INFO] 请求: GET /get-all-options
[2026-05-04 18:02:17] [INFO] API请求: GET /get-all-options
[2026-05-04 18:02:17] [INFO] 获取所有下拉框选项（聚合API）
[2026-05-04 18:02:17] [ERROR] 获取所有下拉框选项失败: Keyword not supported: 'port'.
[2026-05-04 18:02:17] [INFO] 请求: GET /main
[2026-05-04 18:02:17] [INFO] 请求: GET /daily-analysis.html
[2026-05-04 18:02:17] [INFO] 请求: GET /get-all-options
[2026-05-04 18:02:17] [INFO] API请求: GET /get-all-options
[2026-05-04 18:02:17] [INFO] 获取所有下拉框选项（聚合API）
[2026-05-04 18:02:17] [ERROR] 获取所有下拉框选项失败: Keyword not supported: 'port'.
[2026-05-04 18:02:18] [INFO] 请求: GET /complex-config.html
[2026-05-04 18:02:28] [INFO] 请求: POST /search-stored-proc
[2026-05-04 18:02:28] [INFO] 文件不存在: D:\AI\tran\DbProcedureCaller\templates\search-stored-proc.html
[2026-05-04 18:05:34] [INFO] ApiHandler初始化完成
[2026-05-04 18:05:34] [INFO] HTTP服务器启动成功
[2026-05-04 18:05:34] [INFO] HTTP服务器已启动，监听端口 9094
