[2026-05-04 16:51:48] [INFO] ApiHandler初始化完成
[2026-05-04 16:51:48] [INFO] HTTP服务器启动成功
[2026-05-04 16:51:48] [INFO] HTTP服务器已启动，监听端口 9094
[2026-05-04 16:52:24] [INFO] HTTP服务器已停止
[2026-05-04 16:52:25] [INFO] HTTP服务器启动成功
[2026-05-04 16:52:25] [INFO] HTTP服务器已启动，监听端口 9094
[2026-05-04 16:52:40] [INFO] 请求: GET /
[2026-05-04 16:52:46] [INFO] 请求: POST /login
[2026-05-04 16:52:46] [INFO] API请求: POST /login
[2026-05-04 16:52:46] [INFO] 登录尝试: 用户名=lhbdb
[2026-05-04 16:52:46] [INFO] 登录尝试: 密码长度=6
[2026-05-04 16:52:46] [INFO] 尝试备用路径: d:\AI\tran\config.dat
[2026-05-04 16:52:46] [INFO] 配置文件路径: d:\AI\tran\config.dat
[2026-05-04 16:52:46] [INFO] 配置文件内容长度: 120
[2026-05-04 16:52:46] [ERROR] 解密过程异常: The input is not a valid Base-64 string as it contains a non-base 64 character, more than two padding characters, or an illegal character among the padding characters.
[2026-05-04 16:52:46] [INFO] 配置文件为明文，加载成功
[2026-05-04 16:52:47] [INFO] TJYHB表已存在，检查并添加缺失的列...
[2026-05-04 16:52:47] [INFO] TJYHB表结构检查完成
[2026-05-04 16:52:47] [INFO] 登录成功: 用户名=lhbdb, 是管理员=True
[2026-05-04 16:52:47] [INFO] 请求: GET /main
[2026-05-04 16:52:47] [INFO] 请求: GET /daily-analysis.html
[2026-05-04 16:52:47] [INFO] 请求: GET /get-all-options
[2026-05-04 16:52:47] [INFO] API请求: GET /get-all-options
[2026-05-04 16:52:47] [INFO] 获取所有下拉框选项（聚合API）
[2026-05-04 16:52:48] [INFO] 请求: GET /server-config.html
[2026-05-04 16:52:48] [INFO] 请求: GET /get-port
[2026-05-04 16:52:48] [INFO] API请求: GET /get-port
[2026-05-04 16:52:49] [INFO] 请求: GET /get-db-config
[2026-05-04 16:52:49] [INFO] API请求: GET /get-db-config
[2026-05-04 16:52:54] [INFO] 请求: GET /get-all-options
[2026-05-04 16:52:54] [INFO] API请求: GET /get-all-options
[2026-05-04 16:52:54] [INFO] 获取所有下拉框选项（聚合API）
[2026-05-04 16:53:00] [INFO] 请求: POST /login
[2026-05-04 16:53:00] [INFO] API请求: POST /login
[2026-05-04 16:53:00] [INFO] 登录尝试: 用户名=lhbdb
[2026-05-04 16:53:00] [INFO] 登录尝试: 密码长度=6
[2026-05-04 16:53:01] [INFO] 请求: POST /login
[2026-05-04 16:53:01] [INFO] API请求: POST /login
[2026-05-04 16:53:01] [INFO] 登录尝试: 用户名=lhbdb
[2026-05-04 16:53:01] [INFO] 登录尝试: 密码长度=6
[2026-05-04 16:53:04] [INFO] 请求: POST /login
[2026-05-04 16:53:04] [INFO] API请求: POST /login
[2026-05-04 16:53:04] [INFO] 登录尝试: 用户名=lhbdb
[2026-05-04 16:53:04] [INFO] 登录尝试: 密码长度=6
[2026-05-04 16:53:04] [INFO] 请求: POST /login
[2026-05-04 16:53:04] [INFO] API请求: POST /login
[2026-05-04 16:53:04] [INFO] 登录尝试: 用户名=lhbdb
[2026-05-04 16:53:04] [INFO] 登录尝试: 密码长度=6
[2026-05-04 16:53:04] [INFO] 请求: POST /login
[2026-05-04 16:53:04] [INFO] API请求: POST /login
[2026-05-04 16:53:04] [INFO] 登录尝试: 用户名=lhbdb
[2026-05-04 16:53:04] [INFO] 登录尝试: 密码长度=6
[2026-05-04 16:53:05] [INFO] 登录成功: 用户名=lhbdb, 是管理员=True
[2026-05-04 16:53:05] [INFO] 请求: POST /login
[2026-05-04 16:53:05] [INFO] API请求: POST /login
[2026-05-04 16:53:05] [INFO] 登录尝试: 用户名=lhbdb
[2026-05-04 16:53:05] [INFO] 登录尝试: 密码长度=6
[2026-05-04 16:53:05] [INFO] 登录成功: 用户名=lhbdb, 是管理员=True
[2026-05-04 16:53:05] [INFO] 请求: GET /main
[2026-05-04 16:53:05] [INFO] 请求: POST /login
[2026-05-04 16:53:05] [INFO] API请求: POST /login
[2026-05-04 16:53:05] [INFO] 登录尝试: 用户名=lhbdb
[2026-05-04 16:53:05] [INFO] 登录尝试: 密码长度=6
[2026-05-04 16:53:06] [INFO] 登录成功: 用户名=lhbdb, 是管理员=True
[2026-05-04 16:53:06] [INFO] 请求: GET /main
[2026-05-04 16:53:06] [INFO] 请求: POST /login
[2026-05-04 16:53:06] [INFO] API请求: POST /login
[2026-05-04 16:53:06] [INFO] 登录尝试: 用户名=lhbdb
[2026-05-04 16:53:06] [INFO] 登录尝试: 密码长度=6
[2026-05-04 16:53:06] [INFO] 登录成功: 用户名=lhbdb, 是管理员=True
[2026-05-04 16:53:06] [INFO] 请求: GET /main
[2026-05-04 16:53:06] [INFO] 请求: POST /login
[2026-05-04 16:53:06] [INFO] API请求: POST /login
[2026-05-04 16:53:06] [INFO] 登录尝试: 用户名=lhbdb
[2026-05-04 16:53:06] [INFO] 登录尝试: 密码长度=6
[2026-05-04 16:53:06] [INFO] 登录成功: 用户名=lhbdb, 是管理员=True
[2026-05-04 16:53:06] [INFO] 登录成功: 用户名=lhbdb, 是管理员=True
[2026-05-04 16:53:06] [INFO] 请求: GET /main
[2026-05-04 16:53:06] [INFO] 请求: POST /login
[2026-05-04 16:53:06] [INFO] API请求: POST /login
[2026-05-04 16:53:06] [INFO] 请求: POST /login
[2026-05-04 16:53:06] [INFO] 登录尝试: 用户名=lhbdb
[2026-05-04 16:53:06] [INFO] API请求: POST /login
[2026-05-04 16:53:06] [INFO] 登录尝试: 密码长度=6
[2026-05-04 16:53:06] [INFO] 登录尝试: 用户名=lhbdb
[2026-05-04 16:53:06] [INFO] 登录尝试: 密码长度=6
[2026-05-04 16:53:06] [INFO] 登录成功: 用户名=lhbdb, 是管理员=True
[2026-05-04 16:53:06] [INFO] 请求: GET /main
[2026-05-04 16:53:06] [INFO] 登录成功: 用户名=lhbdb, 是管理员=True
[2026-05-04 16:53:06] [INFO] 请求: POST /login
[2026-05-04 16:53:06] [INFO] API请求: POST /login
[2026-05-04 16:53:06] [INFO] 登录尝试: 用户名=lhbdb
[2026-05-04 16:53:06] [INFO] 登录尝试: 密码长度=6
[2026-05-04 16:53:06] [INFO] 登录成功: 用户名=lhbdb, 是管理员=True
[2026-05-04 16:53:06] [INFO] 登录成功: 用户名=lhbdb, 是管理员=True
[2026-05-04 16:53:06] [INFO] 登录成功: 用户名=lhbdb, 是管理员=True
[2026-05-04 16:53:06] [INFO] 登录成功: 用户名=lhbdb, 是管理员=True
[2026-05-04 16:53:06] [INFO] 请求: GET /main
[2026-05-04 16:53:06] [INFO] 请求: GET /main
[2026-05-04 16:53:06] [INFO] 请求: GET /main
[2026-05-04 16:53:06] [INFO] 请求: GET /main
[2026-05-04 16:53:06] [INFO] 请求: GET /main
[2026-05-04 16:53:06] [INFO] 请求: GET /main
[2026-05-04 16:53:06] [INFO] 请求: GET /daily-analysis.html
[2026-05-04 16:53:06] [INFO] 请求: GET /daily-analysis.html
[2026-05-04 16:53:06] [ERROR] HTTP监听器异常: 指定的网络名不再可用。
[2026-05-04 16:53:06] [INFO] 请求: GET /get-all-options
[2026-05-04 16:53:06] [INFO] API请求: GET /get-all-options
[2026-05-04 16:53:06] [INFO] 获取所有下拉框选项（聚合API）
[2026-05-04 16:53:09] [INFO] 请求: GET /user-config.html
[2026-05-04 16:53:09] [INFO] 请求: GET /get-users
[2026-05-04 16:53:09] [INFO] API请求: GET /get-users
[2026-05-04 16:53:09] [INFO] 返回用户列表: {"success": true, "data": [{"id":1,"username":"lhbdb","role":"管理员","status":"启用"},{"id":990,"username":"卢淇","role":"普通用户","status":"启用"}]}
[2026-05-04 16:56:35] [INFO] 请求: GET /main
[2026-05-04 16:56:35] [INFO] 请求: GET /daily-analysis.html
[2026-05-04 16:56:35] [INFO] 请求: GET /get-all-options
[2026-05-04 16:56:35] [INFO] API请求: GET /get-all-options
[2026-05-04 16:56:35] [INFO] 获取所有下拉框选项（聚合API）
[2026-05-04 16:56:36] [INFO] 请求: GET /main
[2026-05-04 16:56:36] [INFO] 请求: GET /daily-analysis.html
[2026-05-04 16:56:36] [INFO] 请求: GET /get-all-options
[2026-05-04 16:56:36] [INFO] API请求: GET /get-all-options
[2026-05-04 16:56:36] [INFO] 获取所有下拉框选项（聚合API）
[2026-05-04 16:56:37] [INFO] 请求: GET /main
[2026-05-04 16:56:37] [INFO] 请求: GET /daily-analysis.html
[2026-05-04 16:56:37] [INFO] 请求: GET /get-all-options
[2026-05-04 16:56:37] [INFO] API请求: GET /get-all-options
[2026-05-04 16:56:37] [INFO] 获取所有下拉框选项（聚合API）
[2026-05-04 16:56:37] [INFO] 请求: GET /main
[2026-05-04 16:56:37] [INFO] 请求: GET /daily-analysis.html
[2026-05-04 16:56:37] [INFO] 请求: GET /get-all-options
[2026-05-04 16:56:37] [INFO] API请求: GET /get-all-options
[2026-05-04 16:56:37] [INFO] 获取所有下拉框选项（聚合API）
[2026-05-04 16:56:37] [INFO] 请求: GET /main
[2026-05-04 16:56:37] [INFO] 请求: GET /daily-analysis.html
[2026-05-04 16:56:37] [INFO] 请求: GET /get-all-options
[2026-05-04 16:56:37] [INFO] API请求: GET /get-all-options
[2026-05-04 16:56:37] [INFO] 获取所有下拉框选项（聚合API）
[2026-05-04 16:56:38] [INFO] 请求: GET /user-config.html
[2026-05-04 16:56:38] [INFO] 请求: GET /get-users
[2026-05-04 16:56:38] [INFO] API请求: GET /get-users
[2026-05-04 16:56:39] [INFO] 返回用户列表: {"success": true, "data": [{"id":1,"username":"lhbdb","role":"管理员","status":"启用"},{"id":990,"username":"卢淇","role":"普通用户","status":"启用"}]}
[2026-05-04 16:56:44] [ERROR] HTTP监听器异常: 指定的网络名不再可用。
[2026-05-04 16:56:44] [ERROR] HTTP监听器异常: 指定的网络名不再可用。
[2026-05-04 16:56:44] [ERROR] HTTP监听器异常: 指定的网络名不再可用。
[2026-05-04 16:56:44] [ERROR] HTTP监听器异常: 指定的网络名不再可用。
[2026-05-04 16:56:44] [ERROR] HTTP监听器异常: 指定的网络名不再可用。
[2026-05-04 17:00:42] [INFO] 请求: GET /user-config.html
[2026-05-04 17:00:42] [INFO] 请求: GET /get-users
[2026-05-04 17:00:42] [INFO] API请求: GET /get-users
[2026-05-04 17:00:42] [INFO] 返回用户列表: {"success": true, "data": [{"id":1,"username":"lhbdb","role":"管理员","status":"启用"},{"id":990,"username":"卢淇","role":"普通用户","status":"启用"}]}
[2026-05-04 17:00:50] [INFO] 请求: POST /update-user?id=990
[2026-05-04 17:00:50] [INFO] API请求: POST /update-user?id=990
[2026-05-04 17:00:50] [INFO] 用户更新成功: 原ID=990, 新ID=990
[2026-05-04 17:00:50] [INFO] 请求: GET /get-users
[2026-05-04 17:00:50] [INFO] API请求: GET /get-users
[2026-05-04 17:00:50] [INFO] 返回用户列表: {"success": true, "data": [{"id":1,"username":"lhbdb","role":"管理员","status":"启用"},{"id":990,"username":"卢淇","role":"普通用户","status":"启用"}]}
[2026-05-04 17:06:09] [INFO] 请求: GET /complex-config.html
[2026-05-04 17:34:47] [INFO] 请求: GET /complex-config.html
[2026-05-04 17:35:18] [INFO] 请求: POST /search-stored-proc
[2026-05-04 17:35:18] [INFO] 文件不存在: D:\AI\tran\DbProcedureCaller\templates\search-stored-proc.html
[2026-05-04 17:35:19] [INFO] 请求: POST /search-stored-proc
[2026-05-04 17:35:19] [INFO] 文件不存在: D:\AI\tran\DbProcedureCaller\templates\search-stored-proc.html
[2026-05-04 17:35:23] [INFO] 请求: POST /search-stored-proc
[2026-05-04 17:35:23] [INFO] 文件不存在: D:\AI\tran\DbProcedureCaller\templates\search-stored-proc.html
[2026-05-04 17:36:34] [INFO] 请求: POST /search-stored-proc
[2026-05-04 17:36:34] [INFO] 文件不存在: D:\AI\tran\DbProcedureCaller\templates\search-stored-proc.html
[2026-05-04 17:36:35] [INFO] 请求: POST /search-stored-proc
[2026-05-04 17:36:35] [INFO] 文件不存在: D:\AI\tran\DbProcedureCaller\templates\search-stored-proc.html
[2026-05-04 17:36:36] [INFO] 请求: POST /search-stored-proc
[2026-05-04 17:36:36] [INFO] 文件不存在: D:\AI\tran\DbProcedureCaller\templates\search-stored-proc.html
[2026-05-04 17:36:36] [INFO] 请求: POST /search-stored-proc
[2026-05-04 17:36:36] [INFO] 文件不存在: D:\AI\tran\DbProcedureCaller\templates\search-stored-proc.html
[2026-05-04 17:36:36] [INFO] 请求: POST /search-stored-proc
[2026-05-04 17:36:36] [INFO] 文件不存在: D:\AI\tran\DbProcedureCaller\templates\search-stored-proc.html
[2026-05-04 17:36:36] [INFO] 请求: POST /search-stored-proc
[2026-05-04 17:36:36] [INFO] 文件不存在: D:\AI\tran\DbProcedureCaller\templates\search-stored-proc.html
[2026-05-04 17:36:36] [INFO] 请求: POST /search-stored-proc
[2026-05-04 17:36:36] [INFO] 文件不存在: D:\AI\tran\DbProcedureCaller\templates\search-stored-proc.html
[2026-05-04 17:36:37] [INFO] 请求: POST /search-stored-proc
[2026-05-04 17:36:37] [INFO] 文件不存在: D:\AI\tran\DbProcedureCaller\templates\search-stored-proc.html
[2026-05-04 17:36:37] [INFO] 请求: POST /search-stored-proc
[2026-05-04 17:36:37] [INFO] 文件不存在: D:\AI\tran\DbProcedureCaller\templates\search-stored-proc.html
[2026-05-04 17:41:26] [INFO] 请求: POST /search-stored-proc
[2026-05-04 17:41:26] [INFO] 文件不存在: D:\AI\tran\DbProcedureCaller\templates\search-stored-proc.html
[2026-05-04 17:41:29] [INFO] 请求: POST /search-stored-proc
[2026-05-04 17:41:29] [INFO] 文件不存在: D:\AI\tran\DbProcedureCaller\templates\search-stored-proc.html
[2026-05-04 17:43:00] [INFO] 请求: POST /search-stored-proc
[2026-05-04 17:43:00] [INFO] 文件不存在: D:\AI\tran\DbProcedureCaller\templates\search-stored-proc.html
[2026-05-04 17:43:03] [INFO] 请求: GET /complex-config.html
[2026-05-04 17:43:11] [INFO] 请求: POST /search-stored-proc
[2026-05-04 17:43:11] [INFO] 文件不存在: D:\AI\tran\DbProcedureCaller\templates\search-stored-proc.html
[2026-05-04 17:43:12] [INFO] 请求: POST /search-stored-proc
[2026-05-04 17:43:12] [INFO] 文件不存在: D:\AI\tran\DbProcedureCaller\templates\search-stored-proc.html
[2026-05-04 17:43:12] [INFO] 请求: POST /search-stored-proc
[2026-05-04 17:43:12] [INFO] 文件不存在: D:\AI\tran\DbProcedureCaller\templates\search-stored-proc.html
[2026-05-04 17:43:13] [INFO] 请求: POST /search-stored-proc
[2026-05-04 17:43:13] [INFO] 文件不存在: D:\AI\tran\DbProcedureCaller\templates\search-stored-proc.html
[2026-05-04 17:43:13] [INFO] 请求: POST /search-stored-proc
[2026-05-04 17:43:13] [INFO] 文件不存在: D:\AI\tran\DbProcedureCaller\templates\search-stored-proc.html
[2026-05-04 17:43:13] [INFO] 请求: POST /search-stored-proc
[2026-05-04 17:43:13] [INFO] 文件不存在: D:\AI\tran\DbProcedureCaller\templates\search-stored-proc.html
[2026-05-04 17:43:13] [INFO] 请求: POST /search-stored-proc
[2026-05-04 17:43:14] [INFO] 文件不存在: D:\AI\tran\DbProcedureCaller\templates\search-stored-proc.html
[2026-05-04 17:50:50] [INFO] 请求: POST /search-stored-proc
[2026-05-04 17:50:50] [INFO] 文件不存在: D:\AI\tran\DbProcedureCaller\templates\search-stored-proc.html
[2026-05-04 17:50:53] [INFO] 请求: GET /complex-config.html
[2026-05-04 17:50:56] [INFO] 请求: POST /search-stored-proc
[2026-05-04 17:50:56] [INFO] 文件不存在: D:\AI\tran\DbProcedureCaller\templates\search-stored-proc.html
