[2026-04-25 22:50:08] 开始启动HTTP服务器...
[2026-04-25 22:50:08] 使用端口: 9094
[2026-04-25 22:50:08] 端口 9094 可用
[2026-04-25 22:50:08] 添加HTTP前缀完成
[2026-04-25 22:50:08] HTTP服务器启动成功
[2026-04-25 22:50:08] HTTP服务器线程已启动
[2026-04-25 22:50:08] 统计服务器已启动！本地访问：http://localhost:9094/, 网络访问：http://192.168.1.9:9094/
[2026-04-25 22:55:15] 开始启动HTTP服务器...
[2026-04-25 22:55:15] 使用端口: 9094
[2026-04-25 22:55:15] 端口 9094 可用
[2026-04-25 22:55:15] 添加HTTP前缀完成
[2026-04-25 22:55:15] HTTP服务器启动成功
[2026-04-25 22:55:15] HTTP服务器线程已启动
[2026-04-25 22:55:15] 统计服务器已启动！本地访问：http://localhost:9094/, 网络访问：http://192.168.1.9:9094/
[2026-04-25 22:55:48] 登录尝试: 用户名=lhbdb, 密码=241023
[2026-04-25 22:55:48] 登录成功: 用户名=lhbdb, 是管理员=True
[2026-04-25 23:28:14] 开始启动HTTP服务器...
[2026-04-25 23:28:14] 使用端口: 9094
[2026-04-25 23:28:14] 端口 9094 可用
[2026-04-25 23:28:14] 添加HTTP前缀完成
[2026-04-25 23:28:14] HTTP服务器启动成功
[2026-04-25 23:28:14] HTTP服务器线程已启动
[2026-04-25 23:28:14] 统计服务器已启动！本地访问：http://localhost:9094/, 网络访问：http://192.168.1.9:9094/
[2026-04-25 23:29:27] 开始启动HTTP服务器...
[2026-04-25 23:29:27] 使用端口: 9094
[2026-04-25 23:29:27] 端口 9094 可用
[2026-04-25 23:29:27] 添加HTTP前缀完成
[2026-04-25 23:29:27] HTTP服务器启动成功
[2026-04-25 23:29:27] HTTP服务器线程已启动
[2026-04-25 23:29:27] 统计服务器已启动！本地访问：http://localhost:9094/, 网络访问：http://192.168.1.9:9094/
[2026-04-25 23:49:54] 开始启动HTTP服务器...
[2026-04-25 23:49:54] 使用端口: 9094
[2026-04-25 23:49:54] 端口 9094 可用
[2026-04-25 23:49:54] 添加HTTP前缀完成
[2026-04-25 23:49:54] HTTP服务器启动成功
[2026-04-25 23:49:54] HTTP服务器线程已启动
[2026-04-25 23:49:54] 统计服务器已启动！本地访问：http://localhost:9094/, 网络访问：http://192.168.1.9:9094/
[2026-04-25 23:50:29] 开始启动HTTP服务器...
[2026-04-25 23:50:29] 使用端口: 9094
[2026-04-25 23:50:29] 端口 9094 可用
[2026-04-25 23:50:29] 添加HTTP前缀完成
[2026-04-25 23:50:29] HTTP服务器启动成功
[2026-04-25 23:50:29] HTTP服务器线程已启动
[2026-04-25 23:50:29] 统计服务器已启动！本地访问：http://localhost:9094/, 网络访问：http://192.168.1.9:9094/
[2026-04-25 23:51:58] 开始启动HTTP服务器...
[2026-04-25 23:51:58] 使用端口: 9094
[2026-04-25 23:51:58] 端口 9094 可用
[2026-04-25 23:51:58] 添加HTTP前缀完成
[2026-04-25 23:51:58] HTTP服务器启动成功
[2026-04-25 23:51:58] HTTP服务器线程已启动
[2026-04-25 23:51:58] 统计服务器已启动！本地访问：http://localhost:9094/, 网络访问：http://192.168.1.9:9094/
[2026-04-25 23:54:02] 开始启动HTTP服务器...
[2026-04-25 23:54:02] 使用端口: 9094
[2026-04-25 23:54:02] 端口 9094 可用
[2026-04-25 23:54:02] 添加HTTP前缀完成
[2026-04-25 23:54:02] HTTP服务器启动成功
[2026-04-25 23:54:02] HTTP服务器线程已启动
[2026-04-25 23:54:02] 统计服务器已启动！本地访问：http://localhost:9094/, 网络访问：http://192.168.1.9:9094/
[2026-04-25 23:57:40] 开始启动HTTP服务器...
[2026-04-25 23:57:40] 使用端口: 9094
[2026-04-25 23:57:40] 端口 9094 可用
[2026-04-25 23:57:40] 添加HTTP前缀完成
[2026-04-25 23:57:40] HTTP服务器启动成功
[2026-04-25 23:57:40] HTTP服务器线程已启动
[2026-04-25 23:57:40] 统计服务器已启动！本地访问：http://localhost:9094/, 网络访问：http://192.168.1.9:9094/
[2026-04-25 23:58:31] 开始启动HTTP服务器...
[2026-04-25 23:58:32] 使用端口: 9094
[2026-04-25 23:58:32] 端口 9094 可用
[2026-04-25 23:58:32] 添加HTTP前缀完成
[2026-04-25 23:58:32] HTTP服务器启动成功
[2026-04-25 23:58:32] HTTP服务器线程已启动
[2026-04-25 23:58:32] 统计服务器已启动！本地访问：http://localhost:9094/, 网络访问：http://192.168.1.9:9094/
[2026-04-25 23:59:39] 登录尝试: 用户名=lhbdb, 密码=241023
[2026-04-25 23:59:39] 登录成功: 用户名=lhbdb, 是管理员=True
[2026-04-26 17:39:50] 开始启动HTTP服务器...
[2026-04-26 17:39:50] 使用端口: 9094
[2026-04-26 17:39:50] 端口 9094 可用
[2026-04-26 17:39:50] 添加HTTP前缀完成
[2026-04-26 17:39:50] HTTP服务器启动成功
[2026-04-26 17:39:50] HTTP服务器线程已启动
[2026-04-26 17:39:50] 统计服务器已启动！本地访问：http://localhost:9094/, 网络访问：http://192.168.1.3:9094/
[2026-04-26 17:39:59] 处理更新用户请求失败: The input string '2,' was not in a correct format.
[2026-04-26 17:41:09] 开始启动HTTP服务器...
[2026-04-26 17:41:09] 使用端口: 9094
[2026-04-26 17:41:09] 端口 9094 可用
[2026-04-26 17:41:09] 添加HTTP前缀完成
[2026-04-26 17:41:09] HTTP服务器启动成功
[2026-04-26 17:41:09] HTTP服务器线程已启动
[2026-04-26 17:41:09] 统计服务器已启动！本地访问：http://localhost:9094/, 网络访问：http://192.168.1.3:9094/
[2026-04-26 17:41:42] 登录尝试: 用户名=, 密码=
[2026-04-26 17:41:42] 登录失败: 用户名=
[2026-04-26 17:43:42] 开始启动HTTP服务器...
[2026-04-26 17:43:42] 使用端口: 9094
[2026-04-26 17:43:42] 端口 9094 可用
[2026-04-26 17:43:42] 添加HTTP前缀完成
[2026-04-26 17:43:42] HTTP服务器启动成功
[2026-04-26 17:43:42] HTTP服务器线程已启动
[2026-04-26 17:43:42] 统计服务器已启动！本地访问：http://localhost:9094/, 网络访问：http://192.168.1.3:9094/
[2026-04-26 17:44:36] 登录尝试: 用户名=lhbdb, 密码=241023
[2026-04-26 17:44:36] 登录成功: 用户名=lhbdb, 是管理员=True
[2026-04-26 17:47:29] 开始启动HTTP服务器...
[2026-04-26 17:47:29] 使用端口: 9094
[2026-04-26 17:47:29] 端口 9094 可用
[2026-04-26 17:47:29] 添加HTTP前缀完成
[2026-04-26 17:47:29] HTTP服务器启动成功
[2026-04-26 17:47:29] HTTP服务器线程已启动
[2026-04-26 17:47:29] 统计服务器已启动！本地访问：http://localhost:9094/, 网络访问：http://192.168.1.3:9094/
[2026-04-26 17:52:33] 登录尝试: 用户名=lhbdb, 密码=241023
[2026-04-26 17:52:33] 登录成功: 用户名=lhbdb, 是管理员=True
[2026-04-26 17:57:00] 开始启动HTTP服务器...
[2026-04-26 17:57:00] 使用端口: 9094
[2026-04-26 17:57:00] 端口 9094 可用
[2026-04-26 17:57:00] 添加HTTP前缀完成
[2026-04-26 17:57:00] HTTP服务器启动成功
[2026-04-26 17:57:00] HTTP服务器线程已启动
[2026-04-26 17:57:00] 统计服务器已启动！本地访问：http://localhost:9094/, 网络访问：http://192.168.1.3:9094/
[2026-04-26 17:58:50] 开始启动HTTP服务器...
[2026-04-26 17:58:50] 使用端口: 9094
[2026-04-26 17:58:50] 端口 9094 可用
[2026-04-26 17:58:50] 添加HTTP前缀完成
[2026-04-26 17:58:50] HTTP服务器启动成功
[2026-04-26 17:58:50] HTTP服务器线程已启动
[2026-04-26 17:58:50] 统计服务器已启动！本地访问：http://localhost:9094/, 网络访问：http://192.168.1.3:9094/
[2026-04-26 18:03:14] 登录尝试: 用户名=lhbdb, 密码=241023
[2026-04-26 18:03:14] 登录成功: 用户名=lhbdb, 是管理员=True
[2026-04-26 18:05:43] 开始启动HTTP服务器...
[2026-04-26 18:05:44] 使用端口: 9094
[2026-04-26 18:05:44] 端口 9094 可用
[2026-04-26 18:05:44] 添加HTTP前缀完成
[2026-04-26 18:05:44] HTTP服务器启动成功
[2026-04-26 18:05:44] HTTP服务器线程已启动
[2026-04-26 18:05:44] 统计服务器已启动！本地访问：http://localhost:9094/, 网络访问：http://192.168.1.3:9094/
[2026-04-26 18:06:27] 登录尝试: 用户名=lhbdb, 密码=241023
[2026-04-26 18:06:27] 登录成功: 用户名=lhbdb, 是管理员=True
[2026-04-26 18:10:21] 开始启动HTTP服务器...
[2026-04-26 18:10:21] 使用端口: 9094
[2026-04-26 18:10:21] 端口 9094 可用
[2026-04-26 18:10:21] 添加HTTP前缀完成
[2026-04-26 18:10:21] HTTP服务器启动成功
[2026-04-26 18:10:21] HTTP服务器线程已启动
[2026-04-26 18:10:21] 统计服务器已启动！本地访问：http://localhost:9094/, 网络访问：http://192.168.1.3:9094/
[2026-04-26 18:11:05] 登录尝试: 用户名=lhbdb, 密码=241023
[2026-04-26 18:11:05] 登录成功: 用户名=lhbdb, 是管理员=True
[2026-04-26 18:22:03] 开始启动HTTP服务器...
[2026-04-26 18:22:03] 使用端口: 9094
[2026-04-26 18:22:03] 端口 9094 可用
[2026-04-26 18:22:03] 添加HTTP前缀完成
[2026-04-26 18:22:03] HTTP服务器启动成功
[2026-04-26 18:22:03] HTTP服务器线程已启动
[2026-04-26 18:22:03] 统计服务器已启动！本地访问：http://localhost:9094/, 网络访问：http://192.168.1.3:9094/
[2026-04-26 18:22:57] 登录尝试: 用户名=lhbdb, 密码=241023
[2026-04-26 18:22:57] 登录成功: 用户名=lhbdb, 是管理员=True
[2026-04-26 18:28:10] 登录尝试: 用户名=lhbdb, 密码=241023
[2026-04-26 18:28:10] 登录成功: 用户名=lhbdb, 是管理员=True
[2026-04-26 18:29:07] 处理更新用户请求失败: The input string '' was not in a correct format.
[2026-04-26 18:30:28] 开始启动HTTP服务器...
[2026-04-26 18:30:28] 使用端口: 9094
[2026-04-26 18:30:28] 端口 9094 可用
[2026-04-26 18:30:28] 添加HTTP前缀完成
[2026-04-26 18:30:28] HTTP服务器启动成功
[2026-04-26 18:30:28] HTTP服务器线程已启动
[2026-04-26 18:30:28] 统计服务器已启动！本地访问：http://localhost:9094/, 网络访问：http://192.168.1.3:9094/
[2026-04-26 18:31:26] 登录尝试: 用户名=lhbdb, 密码=241023
[2026-04-26 18:31:26] 登录成功: 用户名=lhbdb, 是管理员=True
[2026-04-26 18:35:33] 登录尝试: 用户名=lhbdb, 密码=241023
[2026-04-26 18:35:33] 登录成功: 用户名=lhbdb, 是管理员=True
[2026-04-26 18:37:42] 开始启动HTTP服务器...
[2026-04-26 18:37:42] 使用端口: 9094
[2026-04-26 18:37:42] 端口 9094 可用
[2026-04-26 18:37:42] 添加HTTP前缀完成
[2026-04-26 18:37:42] HTTP服务器启动成功
[2026-04-26 18:37:42] HTTP服务器线程已启动
[2026-04-26 18:37:42] 统计服务器已启动！本地访问：http://localhost:9094/, 网络访问：http://192.168.1.3:9094/
[2026-04-26 18:37:52] 添加用户请求数据: {"id": 6, "username": "testuser6", "password": "123456", "role": "????", "status": "??"}
[2026-04-26 18:37:52] 解析结果: id=6, username=testuser6, password=123456, role=????, status=??
[2026-04-26 18:37:52] 返回结果: {"success": true, "message": "用户添加成功"}
[2026-04-26 18:38:44] 登录尝试: 用户名=lhbdb, 密码=241023
[2026-04-26 18:38:44] 登录成功: 用户名=lhbdb, 是管理员=True
[2026-04-26 18:40:32] 开始启动HTTP服务器...
[2026-04-26 18:40:32] 使用端口: 9094
[2026-04-26 18:40:32] 端口 9094 可用
[2026-04-26 18:40:32] 添加HTTP前缀完成
[2026-04-26 18:40:32] HTTP服务器启动成功
[2026-04-26 18:40:32] HTTP服务器线程已启动
[2026-04-26 18:40:32] 统计服务器已启动！本地访问：http://localhost:9094/, 网络访问：http://192.168.1.3:9094/
[2026-04-26 18:41:10] 登录尝试: 用户名=lhbdb, 密码=241023
[2026-04-26 18:41:10] 登录成功: 用户名=lhbdb, 是管理员=True
[2026-04-26 18:42:52] 开始启动HTTP服务器...
[2026-04-26 18:42:52] 使用端口: 9094
[2026-04-26 18:42:52] 端口 9094 可用
[2026-04-26 18:42:52] 添加HTTP前缀完成
[2026-04-26 18:42:52] HTTP服务器启动成功
[2026-04-26 18:42:52] HTTP服务器线程已启动
[2026-04-26 18:42:52] 统计服务器已启动！本地访问：http://localhost:9094/, 网络访问：http://192.168.1.3:9094/
[2026-04-26 18:43:01] 添加用户请求数据: {"id": 7, "username": "testuser7", "password": "123456", "role": "????", "status": "??"}
[2026-04-26 18:43:01] 解析结果: id=7, username=testuser7, password=123456, role=????, status=??
[2026-04-26 18:43:01] 返回结果: {"success": true, "message": "用户添加成功"}
[2026-04-26 18:45:25] 开始启动HTTP服务器...
[2026-04-26 18:45:25] 使用端口: 9094
[2026-04-26 18:45:25] 端口 9094 可用
[2026-04-26 18:45:25] 添加HTTP前缀完成
[2026-04-26 18:45:25] HTTP服务器启动成功
[2026-04-26 18:45:25] HTTP服务器线程已启动
[2026-04-26 18:45:25] 统计服务器已启动！本地访问：http://localhost:9094/, 网络访问：http://192.168.1.3:9094/
[2026-04-26 18:45:45] 添加用户请求数据: {"id": 10, "username": "newuser10", "password": "123456", "role": "????", "status": "??"}
[2026-04-26 18:45:45] 解析结果: id=10, username=newuser10, password=123456, role=????, status=??
[2026-04-26 18:45:45] 返回结果: {"success": true, "message": "用户添加成功"}
[2026-04-26 18:47:32] 添加用户请求数据: {"id": 200, "username": "testuser200", "password": "123456", "role": "????", "status": "??"}
[2026-04-26 18:47:32] 解析结果: id=200, username=testuser200, password=123456, role=????, status=??
[2026-04-26 18:47:32] 返回结果: {"success": true, "message": "用户添加成功"}
[2026-04-26 18:48:39] 添加用户请求数据: {"id":"6","username":"6","password":"6","role":"普通用户","status":"启用"}
[2026-04-26 18:48:39] 解析结果: id=6, username=6, password=6, role=普通用户, status=启用
[2026-04-26 18:48:39] 返回结果: {"success": true, "message": "用户添加成功"}
[2026-04-26 18:53:19] 开始启动HTTP服务器...
[2026-04-26 18:53:19] 使用端口: 9094
[2026-04-26 18:53:19] 端口 9094 可用
[2026-04-26 18:53:19] 添加HTTP前缀完成
[2026-04-26 18:53:19] HTTP服务器启动成功
[2026-04-26 18:53:19] HTTP服务器线程已启动
[2026-04-26 18:53:19] 统计服务器已启动！本地访问：http://localhost:9094/, 网络访问：http://192.168.1.3:9094/
[2026-04-26 18:53:27] 添加用户请求数据: {"id": 300, "username": "newuser300", "password": "123456", "role": "????", "status": "??"}
[2026-04-26 18:53:27] 解析结果: id=300, username=newuser300, password=123456, role=????, status=??
[2026-04-26 18:53:27] 返回结果: {"success": true, "message": "用户添加成功"}
[2026-04-26 18:55:26] 开始启动HTTP服务器...
[2026-04-26 18:55:26] 使用端口: 9094
[2026-04-26 18:55:26] 端口 9094 可用
[2026-04-26 18:55:26] 添加HTTP前缀完成
[2026-04-26 18:55:26] HTTP服务器启动成功
[2026-04-26 18:55:26] HTTP服务器线程已启动
[2026-04-26 18:55:26] 统计服务器已启动！本地访问：http://localhost:9094/, 网络访问：http://192.168.1.3:9094/
[2026-04-26 18:55:35] 添加用户请求数据: {"id": 500, "username": "user500", "password": "123456", "role": "????", "status": "??"}
[2026-04-26 18:55:35] 解析结果: id=500, username=user500, password=123456, role=????, status=??
[2026-04-26 18:55:35] 返回结果: {"success": true, "message": "用户添加成功"}
[2026-04-26 18:57:35] 登录尝试: 用户名=lhbdb, 密码=241023
[2026-04-26 18:57:35] 登录成功: 用户名=lhbdb, 是管理员=True
[2026-04-26 18:58:50] 开始启动HTTP服务器...
[2026-04-26 18:58:50] 使用端口: 9094
[2026-04-26 18:58:50] 端口 9094 可用
[2026-04-26 18:58:50] 添加HTTP前缀完成
[2026-04-26 18:58:50] HTTP服务器启动成功
[2026-04-26 18:58:50] HTTP服务器线程已启动
[2026-04-26 18:58:50] 统计服务器已启动！本地访问：http://localhost:9094/, 网络访问：http://192.168.1.3:9094/
[2026-04-26 18:58:58] 登录尝试: 用户名=, 密码=
[2026-04-26 18:58:58] 登录失败: 用户名=
[2026-04-26 18:59:24] 添加用户请求数据: {"id": 666, "username": "demo666", "password": "123456", "role": "????", "status": "??"}
[2026-04-26 18:59:24] 解析结果: id=666, username=demo666, password=123456, role=????, status=??
[2026-04-26 18:59:24] 返回结果: {"success": true, "message": "用户添加成功"}
[2026-04-26 19:01:16] 添加用户请求数据: {"id": 777, "username": "test777", "password": "123456", "role": "????", "status": "??"}
[2026-04-26 19:01:16] 解析结果: id=777, username=test777, password=123456, role=????, status=??
[2026-04-26 19:01:16] 返回结果: {"success": true, "message": "用户添加成功"}
[2026-04-26 19:02:43] 登录尝试: 用户名=lhbdb, 密码=241023
[2026-04-26 19:02:43] 登录成功: 用户名=lhbdb, 是管理员=True
[2026-04-26 19:04:02] 开始启动HTTP服务器...
[2026-04-26 19:04:02] 使用端口: 9094
[2026-04-26 19:04:02] 端口 9094 可用
[2026-04-26 19:04:02] 添加HTTP前缀完成
[2026-04-26 19:04:02] HTTP服务器启动成功
[2026-04-26 19:04:02] HTTP服务器线程已启动
[2026-04-26 19:04:02] 统计服务器已启动！本地访问：http://localhost:9094/, 网络访问：http://192.168.1.3:9094/
[2026-04-26 19:04:09] 登录尝试: 用户名=lhbdb, 密码=241023
[2026-04-26 19:04:09] 登录成功: 用户名=lhbdb, 是管理员=True
[2026-04-26 19:04:24] 添加用户请求数据: {"id": 888, "username": "test888", "password": "123456", "role": "????", "status": "??"}
[2026-04-26 19:04:24] 解析结果: id=888, username=test888, password=123456, role=????, status=??
[2026-04-26 19:04:24] 返回结果: {"success": true, "message": "用户添加成功"}
[2026-04-26 19:06:00] 登录尝试: 用户名=lhbdb, 密码=241023
[2026-04-26 19:06:00] 登录成功: 用户名=lhbdb, 是管理员=True
[2026-04-26 19:07:31] 开始启动HTTP服务器...
[2026-04-26 19:07:31] 使用端口: 9094
[2026-04-26 19:07:32] 端口 9094 可用
[2026-04-26 19:07:32] 添加HTTP前缀完成
[2026-04-26 19:07:32] HTTP服务器启动成功
[2026-04-26 19:07:32] HTTP服务器线程已启动
[2026-04-26 19:07:32] 统计服务器已启动！本地访问：http://localhost:9094/, 网络访问：http://192.168.1.3:9094/
[2026-04-26 19:09:27] 登录尝试: 用户名=lhbdb, 密码=241023
[2026-04-26 19:09:27] 登录成功: 用户名=lhbdb, 是管理员=True
[2026-04-26 19:09:41] 添加用户请求数据: {"id": 999, "username": "test999", "password": "123456", "role": "????", "status": "??"}
[2026-04-26 19:09:41] 解析结果: id=999, username=test999, password=123456, role=????, status=??
[2026-04-26 19:09:41] 返回结果: {"success": true, "message": "用户添加成功"}
[2026-04-26 19:15:44] 开始启动HTTP服务器...
[2026-04-26 19:15:44] 使用端口: 9094
[2026-04-26 19:15:44] 端口 9094 可用
[2026-04-26 19:15:44] 添加HTTP前缀完成
[2026-04-26 19:15:44] HTTP服务器启动成功
[2026-04-26 19:15:44] HTTP服务器线程已启动
[2026-04-26 19:15:44] 统计服务器已启动！本地访问：http://localhost:9094/, 网络访问：http://192.168.1.3:9094/
[2026-04-26 19:15:54] 登录尝试: 用户名=lhbdb, 密码=241023
[2026-04-26 19:15:54] 登录成功: 用户名=lhbdb, 是管理员=True
[2026-04-26 19:16:09] 添加用户请求数据: {"id": 1000, "username": "test1000", "password": "123456", "role": "????", "status": "??"}
[2026-04-26 19:16:09] 解析结果: id=1000, username=test1000, password=123456, role=????, status=??
[2026-04-26 19:16:09] 返回结果: {"success": true, "message": "用户添加成功"}
[2026-04-26 19:17:57] 开始启动HTTP服务器...
[2026-04-26 19:17:57] 使用端口: 9094
[2026-04-26 19:17:57] 端口 9094 可用
[2026-04-26 19:17:57] 添加HTTP前缀完成
[2026-04-26 19:17:57] HTTP服务器启动成功
[2026-04-26 19:17:57] HTTP服务器线程已启动
[2026-04-26 19:17:57] 统计服务器已启动！本地访问：http://localhost:9094/, 网络访问：http://192.168.1.3:9094/
[2026-04-26 19:20:46] 登录尝试: 用户名=lhbdb, 密码=241023
[2026-04-26 19:20:46] 登录成功: 用户名=lhbdb, 是管理员=True
[2026-04-26 19:21:09] 添加用户请求数据: {
    "username":  "test1234",
    "status":  "??",
    "role":  "????",
    "id":  1234,
    "password":  "123456"
}
[2026-04-26 19:21:09] 解析结果: id=1234, username=test1234, password=123456, role=????, status=??
[2026-04-26 19:21:09] 返回结果: {"success": true, "message": "用户添加成功"}
[2026-04-26 19:24:06] 登录尝试: 用户名=lhbdb, 密码=241023
[2026-04-26 19:24:06] 登录成功: 用户名=lhbdb, 是管理员=True
[2026-04-26 19:24:14] 添加用户请求数据: {"id":"9","username":"9","password":"9","role":"普通用户","status":"启用"}
[2026-04-26 19:24:14] 解析结果: id=9, username=9, password=9, role=普通用户, status=启用
[2026-04-26 19:24:14] 返回结果: {"success": true, "message": "用户添加成功"}
[2026-04-26 19:24:38] 登录尝试: 用户名=lhbdb, 密码=241023
[2026-04-26 19:24:38] 登录成功: 用户名=lhbdb, 是管理员=True
[2026-04-26 19:24:38] 添加用户请求数据: {"id":7777,"username":"test7777","password":"123456","role":"????","status":"??"}
[2026-04-26 19:24:38] 解析结果: id=7777, username=test7777, password=123456, role=????, status=??
[2026-04-26 19:24:38] 返回结果: {"success": true, "message": "用户添加成功"}
[2026-04-26 19:29:31] 开始启动HTTP服务器...
[2026-04-26 19:29:31] 使用端口: 9094
[2026-04-26 19:29:31] 端口 9094 可用
[2026-04-26 19:29:31] 添加HTTP前缀完成
[2026-04-26 19:29:31] HTTP服务器启动成功
[2026-04-26 19:29:31] HTTP服务器线程已启动
[2026-04-26 19:29:31] 统计服务器已启动！本地访问：http://localhost:9094/, 网络访问：http://192.168.1.3:9094/
[2026-04-26 19:29:39] 每日分析请求: date=2026-04-26, type=system
[2026-04-26 19:29:52] 每日分析请求: date=2026-04-26, type=department
[2026-04-26 19:30:04] 每日分析请求: date=2026-04-26, type=category
[2026-04-26 19:30:17] 登录尝试: 用户名=lhbdb, 密码=241023
[2026-04-26 19:30:17] 登录成功: 用户名=lhbdb, 是管理员=True
[2026-04-26 20:21:24] 开始启动HTTP服务器...
[2026-04-26 20:21:24] 使用端口: 9094
[2026-04-26 20:21:24] 端口 9094 可用
[2026-04-26 20:21:24] 添加HTTP前缀完成
[2026-04-26 20:21:24] HTTP服务器启动成功
[2026-04-26 20:21:24] HTTP服务器线程已启动
[2026-04-26 20:21:24] 统计服务器已启动！本地访问：http://localhost:9094/, 网络访问：http://192.168.1.2:9094/
[2026-04-26 20:41:06] 开始启动HTTP服务器...
[2026-04-26 20:41:06] 使用端口: 9094
[2026-04-26 20:41:06] 端口 9094 可用
[2026-04-26 20:41:06] 添加HTTP前缀完成
[2026-04-26 20:41:06] HTTP服务器启动成功
[2026-04-26 20:41:06] HTTP服务器线程已启动
[2026-04-26 20:41:06] 统计服务器已启动！本地访问：http://localhost:9094/, 网络访问：http://192.168.1.2:9094/
[2026-04-26 21:01:04] 开始启动HTTP服务器...
[2026-04-26 21:01:04] 使用端口: 9094
[2026-04-26 21:01:04] 端口 9094 可用
[2026-04-26 21:01:04] 添加HTTP前缀完成
[2026-04-26 21:01:04] HTTP服务器启动成功
[2026-04-26 21:01:04] HTTP服务器线程已启动
[2026-04-26 21:01:04] 统计服务器已启动！本地访问：http://localhost:9094/, 网络访问：http://192.168.1.2:9094/
[2026-04-26 21:02:02] 每日分析请求: date=2026-04-26, type=system
[2026-04-26 21:09:49] 登录尝试: 用户名=lhbdb, 密码=241023
[2026-04-26 21:09:49] 登录成功: 用户名=lhbdb, 是管理员=True
[2026-04-26 21:09:52] 每日分析请求: date=2026-04-26, type=system
[2026-04-26 21:09:58] 每日分析请求: date=2026-04-26, type=department
[2026-04-26 21:10:01] 每日分析请求: date=2026-04-26, type=category
[2026-04-26 21:10:03] 每日分析请求: date=2026-04-26, type=reviewer
[2026-04-26 21:14:11] 开始启动HTTP服务器...
[2026-04-26 21:14:11] 使用端口: 9094
[2026-04-26 21:14:11] 端口 9094 可用
[2026-04-26 21:14:11] 添加HTTP前缀完成
[2026-04-26 21:14:11] HTTP服务器启动成功
[2026-04-26 21:14:11] HTTP服务器线程已启动
[2026-04-26 21:14:11] 统计服务器已启动！本地访问：http://localhost:9094/, 网络访问：http://192.168.1.2:9094/
[2026-04-26 21:15:59] 开始启动HTTP服务器...
[2026-04-26 21:15:59] 使用端口: 9094
[2026-04-26 21:15:59] 端口 9094 可用
[2026-04-26 21:15:59] 添加HTTP前缀完成
[2026-04-26 21:15:59] HTTP服务器启动成功
[2026-04-26 21:15:59] HTTP服务器线程已启动
[2026-04-26 21:15:59] 统计服务器已启动！本地访问：http://localhost:9094/, 网络访问：http://192.168.1.2:9094/
[2026-04-26 21:16:20] 每日分析请求: date=, type=system
[2026-04-26 21:16:47] 登录尝试: 用户名=lhbdb, 密码=241023
[2026-04-26 21:16:47] 登录成功: 用户名=lhbdb, 是管理员=True
[2026-04-26 21:16:51] 每日分析请求: date=2026-04-26, type=department
[2026-04-26 21:19:07] 开始启动HTTP服务器...
[2026-04-26 21:19:07] 使用端口: 9094
[2026-04-26 21:19:07] 端口 9094 可用
[2026-04-26 21:19:07] 添加HTTP前缀完成
[2026-04-26 21:19:07] HTTP服务器启动成功
[2026-04-26 21:19:07] HTTP服务器线程已启动
[2026-04-26 21:19:07] 统计服务器已启动！本地访问：http://localhost:9094/, 网络访问：http://192.168.1.2:9094/
[2026-04-26 21:30:25] 开始启动HTTP服务器...
[2026-04-26 21:30:25] 使用端口: 9094
[2026-04-26 21:30:25] 端口 9094 可用
[2026-04-26 21:30:25] 添加HTTP前缀完成
[2026-04-26 21:30:25] HTTP服务器启动成功
[2026-04-26 21:30:25] HTTP服务器线程已启动
[2026-04-26 21:30:25] 统计服务器已启动！本地访问：http://localhost:9094/, 网络访问：http://192.168.1.2:9094/
[2026-04-26 21:47:41] 登录尝试: 用户名=lhbdb, 密码=241023
[2026-04-26 21:47:41] 登录成功: 用户名=lhbdb, 是管理员=True
[2026-04-26 21:55:26] 开始启动HTTP服务器...
[2026-04-26 21:55:26] 使用端口: 9094
[2026-04-26 21:55:26] 端口 9094 可用
[2026-04-26 21:55:26] 添加HTTP前缀完成
[2026-04-26 21:55:26] HTTP服务器启动成功
[2026-04-26 21:55:26] HTTP服务器线程已启动
[2026-04-26 21:55:26] 统计服务器已启动！本地访问：http://localhost:9094/, 网络访问：http://192.168.1.2:9094/
[2026-04-26 21:56:49] 登录尝试: 用户名=lhbdb, 密码=241023
[2026-04-26 21:56:49] 登录成功: 用户名=lhbdb, 是管理员=True
[2026-04-26 22:05:00] 开始启动HTTP服务器...
[2026-04-26 22:05:00] 使用端口: 9094
[2026-04-26 22:05:00] 端口 9094 可用
[2026-04-26 22:05:00] 添加HTTP前缀完成
[2026-04-26 22:05:00] HTTP服务器启动成功
[2026-04-26 22:05:00] HTTP服务器线程已启动
[2026-04-26 22:05:00] 统计服务器已启动！本地访问：http://localhost:9094/, 网络访问：http://192.168.1.2:9094/
[2026-04-26 22:06:39] 开始启动HTTP服务器...
[2026-04-26 22:06:39] 使用端口: 9094
[2026-04-26 22:06:39] 端口 9094 可用
[2026-04-26 22:06:39] 添加HTTP前缀完成
[2026-04-26 22:06:39] HTTP服务器启动成功
[2026-04-26 22:06:39] HTTP服务器线程已启动
[2026-04-26 22:06:39] 统计服务器已启动！本地访问：http://localhost:9094/, 网络访问：http://192.168.1.2:9094/
[2026-04-26 22:07:28] 登录尝试: 用户名=lhbdb, 密码=241023
[2026-04-26 22:07:28] 登录成功: 用户名=lhbdb, 是管理员=True
[2026-04-26 22:07:32] 每日分析请求: date=2026-04-26, type=department
[2026-04-26 22:21:28] 开始启动HTTP服务器...
[2026-04-26 22:21:28] 使用端口: 9094
[2026-04-26 22:21:28] 端口 9094 可用
[2026-04-26 22:21:28] 添加HTTP前缀完成
[2026-04-26 22:21:28] HTTP服务器启动成功
[2026-04-26 22:21:28] HTTP服务器线程已启动
[2026-04-26 22:21:28] 统计服务器已启动！本地访问：http://localhost:9094/, 网络访问：http://192.168.1.2:9094/
[2026-04-26 22:24:27] 登录尝试: 用户名=lhbdb, 密码=241023
[2026-04-26 22:24:27] 登录成功: 用户名=lhbdb, 是管理员=True
[2026-04-26 22:24:31] 每日分析请求: date=, type=system
[2026-04-26 22:33:29] 开始启动HTTP服务器...
[2026-04-26 22:33:29] 使用端口: 9094
[2026-04-26 22:33:29] 端口 9094 可用
[2026-04-26 22:33:29] 添加HTTP前缀完成
[2026-04-26 22:33:29] HTTP服务器启动成功
[2026-04-26 22:33:29] HTTP服务器线程已启动
[2026-04-26 22:33:29] 统计服务器已启动！本地访问：http://localhost:9094/, 网络访问：http://192.168.1.2:9094/
[2026-04-26 22:38:07] 登录尝试: 用户名=lhbdb, 密码=241023
[2026-04-26 22:38:07] 登录成功: 用户名=lhbdb, 是管理员=True
[2026-04-26 22:38:25] 登录尝试: 用户名=lhbdb, 密码=241023
[2026-04-26 22:38:25] 登录成功: 用户名=lhbdb, 是管理员=True
[2026-04-26 22:40:30] 登录尝试: 用户名=lhbdb, 密码=241023
[2026-04-26 22:40:30] 登录成功: 用户名=lhbdb, 是管理员=True
[2026-04-26 22:47:37] 开始启动HTTP服务器...
[2026-04-26 22:47:37] 使用端口: 9094
[2026-04-26 22:47:37] 端口 9094 可用
[2026-04-26 22:47:37] 添加HTTP前缀完成
[2026-04-26 22:47:37] HTTP服务器启动成功
[2026-04-26 22:47:37] HTTP服务器线程已启动
[2026-04-26 22:47:37] 统计服务器已启动！本地访问：http://localhost:9094/, 网络访问：http://192.168.1.2:9094/
[2026-04-26 22:51:18] 开始启动HTTP服务器...
[2026-04-26 22:51:18] 使用端口: 9094
[2026-04-26 22:51:18] 端口 9094 可用
[2026-04-26 22:51:18] 添加HTTP前缀完成
[2026-04-26 22:51:18] HTTP服务器启动成功
[2026-04-26 22:51:18] HTTP服务器线程已启动
[2026-04-26 22:51:18] 统计服务器已启动！本地访问：http://localhost:9094/, 网络访问：http://192.168.1.2:9094/
[2026-04-26 22:54:16] 开始启动HTTP服务器...
[2026-04-26 22:54:16] 使用端口: 9094
[2026-04-26 22:54:16] 端口 9094 可用
[2026-04-26 22:54:16] 添加HTTP前缀完成
[2026-04-26 22:54:16] HTTP服务器启动成功
[2026-04-26 22:54:16] HTTP服务器线程已启动
[2026-04-26 22:54:16] 统计服务器已启动！本地访问：http://localhost:9094/, 网络访问：http://192.168.1.2:9094/
[2026-04-26 22:56:57] 登录尝试: 用户名=lhbdb, 密码=241023
[2026-04-26 22:56:57] 登录成功: 用户名=lhbdb, 是管理员=True
[2026-04-26 23:04:30] 开始启动HTTP服务器...
[2026-04-26 23:04:30] 使用端口: 9094
[2026-04-26 23:04:30] 端口 9094 可用
[2026-04-26 23:04:30] 添加HTTP前缀完成
[2026-04-26 23:04:30] HTTP服务器启动成功
[2026-04-26 23:04:30] HTTP服务器线程已启动
[2026-04-26 23:04:30] 统计服务器已启动！本地访问：http://localhost:9094/, 网络访问：http://192.168.1.2:9094/
[2026-04-26 23:16:59] 开始启动HTTP服务器...
[2026-04-26 23:16:59] 使用端口: 9094
[2026-04-26 23:16:59] 端口 9094 可用
[2026-04-26 23:16:59] 添加HTTP前缀完成
[2026-04-26 23:16:59] HTTP服务器启动成功
[2026-04-26 23:16:59] HTTP服务器线程已启动
[2026-04-26 23:16:59] 统计服务器已启动！本地访问：http://localhost:9094/, 网络访问：http://192.168.1.2:9094/
[2026-04-26 23:27:19] 登录尝试: 用户名=lhbdb, 密码=241023
[2026-04-26 23:27:19] 登录成功: 用户名=lhbdb, 是管理员=True
[2026-04-26 23:30:45] 开始启动HTTP服务器...
[2026-04-26 23:30:45] 使用端口: 9094
[2026-04-26 23:30:45] 端口 9094 可用
[2026-04-26 23:30:45] 添加HTTP前缀完成
[2026-04-26 23:30:45] HTTP服务器启动成功
[2026-04-26 23:30:45] HTTP服务器线程已启动
[2026-04-26 23:30:45] 统计服务器已启动！本地访问：http://localhost:9094/, 网络访问：http://192.168.1.2:9094/
[2026-04-26 23:37:34] 登录尝试: 用户名=lhbdb, 密码=241023
[2026-04-26 23:37:34] 登录成功: 用户名=lhbdb, 是管理员=True
[2026-04-26 23:37:42] 登录尝试: 用户名=lhbdb, 密码=241023
[2026-04-26 23:37:42] 登录成功: 用户名=lhbdb, 是管理员=True
[2026-04-26 23:41:23] 开始启动HTTP服务器...
[2026-04-26 23:41:23] 使用端口: 9094
[2026-04-26 23:41:23] 端口 9094 可用
[2026-04-26 23:41:23] 添加HTTP前缀完成
[2026-04-26 23:41:23] HTTP服务器启动成功
[2026-04-26 23:41:23] HTTP服务器线程已启动
[2026-04-26 23:41:23] 统计服务器已启动！本地访问：http://localhost:9094/, 网络访问：http://192.168.1.2:9094/
[2026-04-26 23:49:25] 开始启动HTTP服务器...
[2026-04-26 23:49:25] 使用端口: 9094
[2026-04-26 23:49:25] 端口 9094 可用
[2026-04-26 23:49:25] 添加HTTP前缀完成
[2026-04-26 23:49:25] HTTP服务器启动成功
[2026-04-26 23:49:25] HTTP服务器线程已启动
[2026-04-26 23:49:25] 统计服务器已启动！本地访问：http://localhost:9094/, 网络访问：http://192.168.1.2:9094/
[2026-04-27 18:31:07] 开始启动HTTP服务器...
[2026-04-27 18:31:07] 使用端口: 9094
[2026-04-27 18:31:07] 端口 9094 可用
[2026-04-27 18:31:07] 添加HTTP前缀完成
[2026-04-27 18:31:07] HTTP服务器启动成功
[2026-04-27 18:31:07] HTTP服务器线程已启动
[2026-04-27 18:31:07] 统计服务器已启动！本地访问：http://localhost:9094/, 网络访问：http://192.168.43.44:9094/
[2026-04-27 19:31:34] 开始启动HTTP服务器...
[2026-04-27 19:31:34] 使用端口: 9094
[2026-04-27 19:31:34] 端口 9094 可用
[2026-04-27 19:31:34] 添加HTTP前缀完成
[2026-04-27 19:31:34] HTTP服务器启动成功
[2026-04-27 19:31:34] HTTP服务器线程已启动
[2026-04-27 19:31:34] 统计服务器已启动！本地访问：http://localhost:9094/, 网络访问：http://192.168.43.44:9094/
[2026-04-27 19:34:42] 开始启动HTTP服务器...
[2026-04-27 19:34:42] 使用端口: 9094
[2026-04-27 19:34:42] 端口 9094 可用
[2026-04-27 19:34:42] 添加HTTP前缀完成
[2026-04-27 19:34:42] HTTP服务器启动成功
[2026-04-27 19:34:42] HTTP服务器线程已启动
[2026-04-27 19:34:42] 统计服务器已启动！本地访问：http://localhost:9094/, 网络访问：http://192.168.43.44:9094/
[2026-04-27 19:37:09] 登录尝试: 用户名=lhbdb, 密码=241023
[2026-04-27 19:37:09] 登录成功: 用户名=lhbdb, 是管理员=True
[2026-04-27 19:37:24] 添加用户请求数据: {"id":"909","username":"909","password":"1","role":"普通用户","status":"启用"}
[2026-04-27 19:37:24] 解析结果: id=909, username=909, password=1, role=普通用户, status=启用
[2026-04-27 19:37:24] 返回结果: {"success": true, "message": "用户添加成功"}
[2026-04-27 19:42:52] 登录尝试: 用户名=lhbdb, 密码=241023
[2026-04-27 19:42:52] 登录成功: 用户名=lhbdb, 是管理员=True
[2026-04-27 19:43:02] 添加用户请求数据: {"id":"90","username":"90","password":"1","role":"普通用户","status":"启用"}
[2026-04-27 19:43:02] 解析结果: id=90, username=90, password=1, role=普通用户, status=启用
[2026-04-27 19:43:02] 返回结果: {"success": true, "message": "用户添加成功"}
[2026-04-27 19:46:32] 登录尝试: 用户名=lhbdb, 密码=241023
[2026-04-27 19:46:32] 登录成功: 用户名=lhbdb, 是管理员=True
[2026-04-27 19:46:51] 登录尝试: 用户名=lhbdb, 密码=241023
[2026-04-27 19:46:51] 登录成功: 用户名=lhbdb, 是管理员=True
[2026-04-27 19:51:15] 登录尝试: 用户名=lhbdb, 密码=241023
[2026-04-27 19:51:15] 登录成功: 用户名=lhbdb, 是管理员=True
[2026-04-27 19:51:18] 每日分析请求: startDate=2026-03-31, endDate=2026-04-27, system=, reporter=, reviewer=, technician=, department=, category=
[2026-04-27 19:51:20] 每日分析请求: startDate=2026-03-31, endDate=2026-04-27, system=, reporter=, reviewer=, technician=, department=, category=
[2026-04-27 19:51:21] 每日分析请求: startDate=2026-03-31, endDate=2026-04-27, system=, reporter=, reviewer=, technician=, department=, category=
[2026-04-27 19:51:21] 每日分析请求: startDate=2026-03-31, endDate=2026-04-27, system=, reporter=, reviewer=, technician=, department=, category=
[2026-04-27 19:51:21] 每日分析请求: startDate=2026-03-31, endDate=2026-04-27, system=, reporter=, reviewer=, technician=, department=, category=
[2026-04-27 19:51:21] 每日分析请求: startDate=2026-03-31, endDate=2026-04-27, system=, reporter=, reviewer=, technician=, department=, category=
[2026-04-27 21:16:24] 每日分析请求: startDate=2026-03-31, endDate=2026-04-27, system=, reporter=, reviewer=, technician=, department=, category=
[2026-04-27 21:16:26] 每日分析请求: startDate=2026-03-31, endDate=2026-04-27, system=, reporter=, reviewer=, technician=, department=, category=
[2026-04-27 21:16:27] 每日分析请求: startDate=2026-03-31, endDate=2026-04-27, system=, reporter=, reviewer=, technician=, department=, category=
[2026-04-27 21:16:28] 每日分析请求: startDate=2026-03-31, endDate=2026-04-27, system=, reporter=, reviewer=, technician=, department=, category=
[2026-04-27 21:16:29] 每日分析请求: startDate=2026-03-31, endDate=2026-04-27, system=, reporter=, reviewer=, technician=, department=, category=
[2026-04-27 21:16:34] 每日分析请求: startDate=2026-03-31, endDate=2026-04-27, system=, reporter=, reviewer=, technician=, department=, category=
[2026-04-27 21:16:35] 每日分析请求: startDate=2026-03-31, endDate=2026-04-27, system=, reporter=, reviewer=, technician=, department=, category=
[2026-04-27 22:08:29] 每日分析请求: startDate=2026-03-31, endDate=2026-04-27, system=, reporter=, reviewer=, technician=, department=, category=
[2026-04-27 22:08:30] 每日分析请求: startDate=2026-03-31, endDate=2026-04-27, system=, reporter=, reviewer=, technician=, department=, category=
[2026-04-27 22:08:31] 每日分析请求: startDate=2026-03-31, endDate=2026-04-27, system=, reporter=, reviewer=, technician=, department=, category=
[2026-04-27 22:08:31] 每日分析请求: startDate=2026-03-31, endDate=2026-04-27, system=, reporter=, reviewer=, technician=, department=, category=
[2026-04-27 22:08:31] 每日分析请求: startDate=2026-03-31, endDate=2026-04-27, system=, reporter=, reviewer=, technician=, department=, category=
[2026-04-27 22:08:32] 每日分析请求: startDate=2026-03-31, endDate=2026-04-27, system=, reporter=, reviewer=, technician=, department=, category=
[2026-04-27 22:08:32] 每日分析请求: startDate=2026-03-31, endDate=2026-04-27, system=, reporter=, reviewer=, technician=, department=, category=
[2026-04-27 22:08:32] 每日分析请求: startDate=2026-03-31, endDate=2026-04-27, system=, reporter=, reviewer=, technician=, department=, category=
[2026-04-27 22:08:33] 每日分析请求: startDate=2026-03-31, endDate=2026-04-27, system=, reporter=, reviewer=, technician=, department=, category=
[2026-04-27 22:08:33] 每日分析请求: startDate=2026-03-31, endDate=2026-04-27, system=, reporter=, reviewer=, technician=, department=, category=
[2026-04-27 22:08:38] 每日分析请求: startDate=2026-03-31, endDate=2026-04-27, system=, reporter=张医生, reviewer=, technician=, department=, category=CT
[2026-04-27 22:08:40] 每日分析请求: startDate=2026-03-31, endDate=2026-04-27, system=, reporter=, reviewer=, technician=, department=, category=
[2026-04-27 22:08:40] 每日分析请求: startDate=2026-03-31, endDate=2026-04-27, system=, reporter=, reviewer=, technician=, department=, category=
[2026-04-27 22:08:40] 每日分析请求: startDate=2026-03-31, endDate=2026-04-27, system=, reporter=, reviewer=, technician=, department=, category=
[2026-04-27 22:08:41] 每日分析请求: startDate=2026-03-31, endDate=2026-04-27, system=, reporter=, reviewer=, technician=, department=, category=
[2026-04-27 22:08:41] 每日分析请求: startDate=2026-03-31, endDate=2026-04-27, system=, reporter=, reviewer=, technician=, department=, category=
[2026-04-27 22:08:46] 每日分析请求: startDate=2026-03-31, endDate=2026-04-27, system=, reporter=张医生, reviewer=赵医生, technician=, department=, category=
[2026-04-27 22:08:47] 每日分析请求: startDate=2026-03-31, endDate=2026-04-27, system=, reporter=张医生, reviewer=赵医生, technician=, department=, category=
[2026-04-27 22:08:47] 每日分析请求: startDate=2026-03-31, endDate=2026-04-27, system=, reporter=张医生, reviewer=赵医生, technician=, department=, category=
[2026-04-27 22:08:49] 每日分析请求: startDate=2026-03-31, endDate=2026-04-27, system=, reporter=张医生, reviewer=赵医生, technician=, department=, category=
[2026-04-27 22:08:56] 每日分析请求: startDate=2026-03-31, endDate=2026-04-27, system=RIS, reporter=张医生, reviewer=, technician=, department=, category=
[2026-04-27 22:09:01] 每日分析请求: startDate=2026-03-31, endDate=2026-04-27, system=RIS, reporter=, reviewer=, technician=, department=, category=
[2026-04-27 22:09:03] 每日分析请求: startDate=2026-03-31, endDate=2026-04-27, system=RIS, reporter=, reviewer=, technician=, department=, category=CT
[2026-04-27 22:09:05] 每日分析请求: startDate=2026-03-31, endDate=2026-04-27, system=RIS, reporter=, reviewer=, technician=, department=, category=
[2026-04-27 22:09:05] 每日分析请求: startDate=2026-03-31, endDate=2026-04-27, system=RIS, reporter=, reviewer=, technician=, department=, category=
[2026-04-27 23:15:09] 登录尝试: 用户名=lhbdb, 密码=241023
[2026-04-27 23:15:09] 登录成功: 用户名=lhbdb, 是管理员=True
[2026-04-27 23:25:57] 开始启动HTTP服务器...
[2026-04-27 23:25:57] 使用端口: 9094
[2026-04-27 23:25:57] 端口 9094 可用
[2026-04-27 23:25:58] 添加HTTP前缀完成
[2026-04-27 23:25:58] HTTP服务器启动成功
[2026-04-27 23:25:58] HTTP服务器线程已启动
[2026-04-27 23:25:58] 统计服务器已启动！本地访问：http://localhost:9094/, 网络访问：http://192.168.43.44:9094/
[2026-04-27 23:31:58] 使用默认端口: 9094
[2026-04-27 23:31:58] 开始启动HTTP服务器...
[2026-04-27 23:31:58] 使用端口: 9094
[2026-04-27 23:31:58] 端口 9094 可用
[2026-04-27 23:31:58] 添加HTTP前缀完成
[2026-04-27 23:31:58] HTTP服务器启动成功
[2026-04-27 23:31:58] HTTP服务器线程已启动
[2026-04-27 23:31:58] 统计服务器已启动！本地访问：http://localhost:9094/, 网络访问：http://192.168.43.44:9094/
[2026-04-27 23:33:13] 登录尝试: 用户名=lhbdb, 密码=241023
[2026-04-27 23:33:13] 登录成功: 用户名=lhbdb, 是管理员=True
[2026-04-27 23:33:14] 获取当前端口: 9094
[2026-04-27 23:33:22] 端口配置已保存: 9090
[2026-04-27 23:37:26] 从配置文件加载端口: 9090
[2026-04-27 23:37:26] 开始启动HTTP服务器...
[2026-04-27 23:37:26] 使用端口: 9090
[2026-04-27 23:37:26] 端口 9090 可用
[2026-04-27 23:37:26] 添加HTTP前缀完成
[2026-04-27 23:37:26] HTTP服务器启动成功
[2026-04-27 23:37:26] HTTP服务器线程已启动
[2026-04-27 23:37:26] 统计服务器已启动！本地访问：http://localhost:9090/, 网络访问：http://192.168.43.44:9090/
[2026-04-27 23:38:06] 登录尝试: 用户名=lhbdb, 密码=241023
[2026-04-27 23:38:06] 登录成功: 用户名=lhbdb, 是管理员=True
[2026-04-27 23:38:08] 获取端口配置: 配置文件端口=9090, 当前运行端口=9090
[2026-04-27 23:38:26] 端口配置已保存: 9094
[2026-04-27 23:42:42] 从配置文件加载端口: 9094
[2026-04-27 23:42:42] 开始启动HTTP服务器...
[2026-04-27 23:42:42] 使用端口: 9094
[2026-04-27 23:42:42] 端口 9094 可用
[2026-04-27 23:42:42] 添加HTTP前缀完成
[2026-04-27 23:42:42] HTTP服务器启动成功
[2026-04-27 23:42:42] HTTP服务器线程已启动
[2026-04-27 23:42:42] 统计服务器已启动！本地访问：http://localhost:9094/, 网络访问：http://192.168.43.44:9094/
[2026-04-27 23:49:17] 从配置文件加载端口: 9095, 配置文件路径: D:\AI\tran\bin\Debug\net8.0-windows\server_config.dat
[2026-04-27 23:49:17] 开始启动HTTP服务器...
[2026-04-27 23:49:17] 使用端口: 9095
[2026-04-27 23:49:17] 端口 9095 可用
[2026-04-27 23:49:17] 添加HTTP前缀完成
[2026-04-27 23:49:17] HTTP服务器启动成功
[2026-04-27 23:49:17] HTTP服务器线程已启动
[2026-04-27 23:49:17] 统计服务器已启动！本地访问：http://localhost:9095/, 网络访问：http://192.168.43.44:9095/
[2026-04-27 23:53:12] 从配置文件加载端口: 9095, 配置文件路径: D:\AI\tran\bin\Debug\net8.0-windows\server_config.dat
[2026-04-27 23:53:13] 开始启动HTTP服务器...
[2026-04-27 23:53:13] 使用端口: 9095
[2026-04-27 23:53:13] 端口 9095 可用
[2026-04-27 23:53:13] 添加HTTP前缀完成
[2026-04-27 23:53:13] HTTP服务器启动成功
[2026-04-27 23:53:13] HTTP服务器线程已启动
[2026-04-27 23:53:13] 统计服务器已启动！本地访问：http://localhost:9095/, 网络访问：http://192.168.43.44:9095/
[2026-04-27 23:55:11] 从配置文件加载端口: 9095, 配置文件路径: D:\AI\tran\bin\Debug\net8.0-windows\server_config.dat
[2026-04-27 23:55:11] 开始启动HTTP服务器...
[2026-04-27 23:55:11] 使用端口: 9095
[2026-04-27 23:55:11] 端口 9095 可用
[2026-04-27 23:55:11] 添加HTTP前缀完成
[2026-04-27 23:55:11] HTTP服务器启动成功
[2026-04-27 23:55:11] HTTP服务器线程已启动
[2026-04-27 23:55:11] 统计服务器已启动！本地访问：http://localhost:9095/, 网络访问：http://192.168.43.44:9095/
[2026-04-27 23:57:24] 尝试加载配置文件: D:\AI\tran\bin\Debug\net8.0-windows\server_config.dat
[2026-04-27 23:57:24] 配置文件内容: OTA5NQ==

[2026-04-27 23:57:24] 解密后内容: 9095
[2026-04-27 23:57:24] 从配置文件加载端口: 9095
[2026-04-27 23:57:24] 开始启动HTTP服务器...
[2026-04-27 23:57:24] 使用端口: 9095
[2026-04-27 23:57:24] 端口 9095 可用
[2026-04-27 23:57:24] 添加HTTP前缀完成
[2026-04-27 23:57:24] HTTP服务器启动成功
[2026-04-27 23:57:24] HTTP服务器线程已启动
[2026-04-27 23:57:24] 统计服务器已启动！本地访问：http://localhost:9095/, 网络访问：http://192.168.43.44:9095/
[2026-04-27 23:59:35] 尝试加载配置文件: D:\AI\tran\bin\Debug\net8.0-windows\server_config.dat
[2026-04-27 23:59:35] 配置文件内容: OTA5NQ==

[2026-04-27 23:59:35] 解密后内容: 9095
[2026-04-27 23:59:35] 从配置文件加载端口: 9095
[2026-04-27 23:59:35] 开始启动HTTP服务器...
[2026-04-27 23:59:35] 使用端口: 9095
[2026-04-27 23:59:35] 端口 9095 可用
[2026-04-27 23:59:35] 添加HTTP前缀完成
[2026-04-27 23:59:35] HTTP服务器启动成功
[2026-04-27 23:59:35] HTTP服务器线程已启动
[2026-04-27 23:59:35] 统计服务器已启动！本地访问：http://localhost:9095/, 网络访问：http://192.168.43.44:9095/
[2026-04-28 00:01:24] 尝试加载配置文件: D:\AI\tran\bin\Debug\net8.0-windows\server_config.dat
[2026-04-28 00:01:24] 配置文件内容: MTAwMDE=

[2026-04-28 00:01:24] 解密后内容: 10001
[2026-04-28 00:01:24] 从配置文件加载端口: 10001
[2026-04-28 00:01:24] 开始启动HTTP服务器...
[2026-04-28 00:01:24] 使用端口: 10001
[2026-04-28 00:01:24] 端口 10001 可用
[2026-04-28 00:01:24] 添加HTTP前缀完成
[2026-04-28 00:01:24] HTTP服务器启动成功
[2026-04-28 00:01:24] HTTP服务器线程已启动
[2026-04-28 00:01:24] 统计服务器已启动！本地访问：http://localhost:10001/, 网络访问：http://192.168.43.44:10001/
[2026-04-28 00:03:28] 尝试加载配置文件: D:\AI\tran\bin\Debug\net8.0-windows\server_config.dat
[2026-04-28 00:03:28] 配置文件内容: NTAwMDA=

[2026-04-28 00:03:28] 解密后内容: 50000
[2026-04-28 00:03:28] 从配置文件加载端口: 50000
[2026-04-28 00:03:28] 开始启动HTTP服务器...
[2026-04-28 00:03:28] 使用端口: 50000
[2026-04-28 00:03:28] 端口 50000 可用
[2026-04-28 00:03:28] 添加HTTP前缀完成
[2026-04-28 00:03:28] HTTP服务器启动成功
[2026-04-28 00:03:28] HTTP服务器线程已启动
[2026-04-28 00:03:28] 统计服务器已启动！本地访问：http://localhost:50000/, 网络访问：http://192.168.43.44:50000/
[2026-04-28 00:09:19] 尝试加载配置文件: D:\AI\tran\bin\Debug\net8.0-windows\server_config.dat
[2026-04-28 00:09:19] 配置文件内容: NTAwMDA=

[2026-04-28 00:09:19] 解密后内容: 50000
[2026-04-28 00:09:19] 从配置文件加载端口: 50000
[2026-04-28 00:09:19] 开始启动HTTP服务器...
[2026-04-28 00:09:19] 使用端口: 50000
[2026-04-28 00:09:19] 端口 50000 可用
[2026-04-28 00:09:19] 添加HTTP前缀完成
[2026-04-28 00:09:19] HTTP服务器启动成功
[2026-04-28 00:09:19] HTTP服务器线程已启动
[2026-04-28 00:09:19] 统计服务器已启动！本地访问：http://localhost:50000/, 网络访问：http://192.168.43.44:50000/
[2026-04-28 00:11:17] 尝试加载配置文件: D:\AI\tran\bin\Debug\net8.0-windows\server_config.dat
[2026-04-28 00:11:17] 配置文件内容: NTAwMDA=

[2026-04-28 00:11:17] 解密后内容: 50000
[2026-04-28 00:11:17] 从配置文件加载端口: 50000
[2026-04-28 00:11:17] 开始启动HTTP服务器...
[2026-04-28 00:11:17] 使用端口: 50000
[2026-04-28 00:11:17] 端口 50000 可用
[2026-04-28 00:11:17] 添加HTTP前缀完成
[2026-04-28 00:11:17] HTTP服务器启动成功
[2026-04-28 00:11:17] HTTP服务器线程已启动
[2026-04-28 00:11:17] 统计服务器已启动！本地访问：http://localhost:50000/, 网络访问：http://192.168.43.44:50000/
[2026-04-28 00:12:48] 尝试加载配置文件: D:\AI\tran\bin\Debug\net8.0-windows\server_config.dat
[2026-04-28 00:12:48] 配置文件内容: NTAwMTE=

[2026-04-28 00:12:48] 解密后内容: 50011
[2026-04-28 00:12:48] 从配置文件加载端口: 50011
[2026-04-28 00:12:48] 开始启动HTTP服务器...
[2026-04-28 00:12:48] 使用端口: 50011
[2026-04-28 00:12:48] 端口 50011 可用
[2026-04-28 00:12:48] 添加HTTP前缀完成
[2026-04-28 00:12:48] HTTP服务器启动成功
[2026-04-28 00:12:48] HTTP服务器线程已启动
[2026-04-28 00:12:48] 统计服务器已启动！本地访问：http://localhost:50011/, 网络访问：http://192.168.43.44:50011/
[2026-04-28 00:13:32] 尝试加载配置文件: D:\AI\tran\bin\Debug\net8.0-windows\server_config.dat
[2026-04-28 00:13:32] 配置文件内容: MzAwMDA=

[2026-04-28 00:13:32] 解密后内容: 30000
[2026-04-28 00:13:32] 从配置文件加载端口: 30000
[2026-04-28 00:13:32] 开始启动HTTP服务器...
[2026-04-28 00:13:32] 使用端口: 30000
[2026-04-28 00:13:32] 端口 30000 可用
[2026-04-28 00:13:32] 添加HTTP前缀完成
[2026-04-28 00:13:32] HTTP服务器启动成功
[2026-04-28 00:13:32] HTTP服务器线程已启动
[2026-04-28 00:13:32] 统计服务器已启动！本地访问：http://localhost:30000/, 网络访问：http://192.168.43.44:30000/
[2026-04-28 00:14:32] 尝试加载配置文件: D:\AI\tran\bin\Debug\net8.0-windows\server_config.dat
[2026-04-28 00:14:32] 配置文件内容: ODg4OA==

[2026-04-28 00:14:32] 解密后内容: 8888
[2026-04-28 00:14:32] 从配置文件加载端口: 8888
[2026-04-28 00:14:32] 开始启动HTTP服务器...
[2026-04-28 00:14:32] 使用端口: 8888
[2026-04-28 00:14:32] 端口 8888 可用
[2026-04-28 00:14:32] 添加HTTP前缀完成
[2026-04-28 00:14:32] HTTP服务器启动成功
[2026-04-28 00:14:32] HTTP服务器线程已启动
[2026-04-28 00:14:32] 统计服务器已启动！本地访问：http://localhost:8888/, 网络访问：http://192.168.43.44:8888/
[2026-04-28 00:15:24] 尝试加载配置文件: D:\AI\tran\bin\Debug\net8.0-windows\server_config.dat
[2026-04-28 00:15:24] 配置文件内容: ODg4OA==

[2026-04-28 00:15:24] 解密后内容: 8888
[2026-04-28 00:15:24] 从配置文件加载端口: 8888
[2026-04-28 00:15:24] 开始启动HTTP服务器...
[2026-04-28 00:15:24] 使用端口: 8888
[2026-04-28 00:15:24] 端口 8888 可用
[2026-04-28 00:15:24] 添加HTTP前缀完成
[2026-04-28 00:15:25] HTTP服务器启动成功
[2026-04-28 00:15:25] HTTP服务器线程已启动
[2026-04-28 00:15:25] 统计服务器已启动！本地访问：http://localhost:8888/, 网络访问：http://192.168.43.44:8888/
[2026-04-28 00:16:13] 尝试加载配置文件: D:\AI\tran\bin\Debug\net8.0-windows\server_config.dat
[2026-04-28 00:16:13] 配置文件内容: MTIzNDU=

[2026-04-28 00:16:13] 解密后内容: 12345
[2026-04-28 00:16:13] 从配置文件加载端口: 12345
[2026-04-28 00:16:13] 开始启动HTTP服务器...
[2026-04-28 00:16:13] 使用端口: 12345
[2026-04-28 00:16:13] 端口 12345 可用
[2026-04-28 00:16:13] 添加HTTP前缀完成
[2026-04-28 00:16:13] HTTP服务器启动成功
[2026-04-28 00:16:13] HTTP服务器线程已启动
[2026-04-28 00:16:13] 统计服务器已启动！本地访问：http://localhost:12345/, 网络访问：http://192.168.43.44:12345/
[2026-04-28 00:17:15] 尝试加载配置文件: D:\AI\tran\bin\Debug\net8.0-windows\server_config.dat
[2026-04-28 00:17:15] 配置文件内容: MTIzNDU=

[2026-04-28 00:17:15] 解密后内容: 12345
[2026-04-28 00:17:15] 从配置文件加载端口: 12345
[2026-04-28 00:17:15] 开始启动HTTP服务器...
[2026-04-28 00:17:15] 使用端口: 12345
[2026-04-28 00:17:15] 端口 12345 可用
[2026-04-28 00:17:15] 添加HTTP前缀完成
[2026-04-28 00:17:15] HTTP服务器启动成功
[2026-04-28 00:17:15] HTTP服务器线程已启动
[2026-04-28 00:17:15] 统计服务器已启动！本地访问：http://localhost:12345/, 网络访问：http://192.168.43.44:12345/
[2026-04-28 00:18:23] 尝试加载配置文件: D:\AI\tran\bin\Debug\net8.0-windows\server_config.dat
[2026-04-28 00:18:23] 配置文件内容: MTIzNDU=

[2026-04-28 00:18:23] 解密后内容: 12345
[2026-04-28 00:18:23] 从配置文件加载端口: 12345
[2026-04-28 00:18:23] 开始启动HTTP服务器...
[2026-04-28 00:18:23] 使用端口: 12345
[2026-04-28 00:18:23] 端口 12345 可用
[2026-04-28 00:18:23] 添加HTTP前缀完成
[2026-04-28 00:18:23] HTTP服务器启动成功
[2026-04-28 00:18:23] HTTP服务器线程已启动
[2026-04-28 00:18:23] 统计服务器已启动！本地访问：http://localhost:12345/, 网络访问：http://192.168.43.44:12345/
[2026-04-28 00:20:10] 尝试加载配置文件: D:\AI\tran\bin\Debug\net8.0-windows\server_config.dat
[2026-04-28 00:20:10] 配置文件内容: OTk5OQ==

[2026-04-28 00:20:10] 解密后内容: 9999
[2026-04-28 00:20:10] 从配置文件加载端口: 9999
[2026-04-28 00:20:10] 开始启动HTTP服务器...
[2026-04-28 00:20:10] 使用端口: 9999
[2026-04-28 00:20:10] 端口 9999 可用
[2026-04-28 00:20:10] 添加HTTP前缀完成
[2026-04-28 00:20:10] HTTP服务器启动成功
[2026-04-28 00:20:10] HTTP服务器线程已启动
[2026-04-28 00:20:10] 统计服务器已启动！本地访问：http://localhost:9999/, 网络访问：http://192.168.43.44:9999/
[2026-04-28 00:20:58] 尝试加载配置文件: D:\AI\tran\bin\Debug\net8.0-windows\server_config.dat
[2026-04-28 00:20:58] 配置文件内容: OTk5OQ==

[2026-04-28 00:20:58] 解密后内容: 9999
[2026-04-28 00:20:58] 从配置文件加载端口: 9999
[2026-04-28 00:20:58] 开始启动HTTP服务器...
[2026-04-28 00:20:58] 使用端口: 9999
[2026-04-28 00:20:58] 端口 9999 可用
[2026-04-28 00:20:58] 添加HTTP前缀完成
[2026-04-28 00:20:58] HTTP服务器启动成功
[2026-04-28 00:20:58] HTTP服务器线程已启动
[2026-04-28 00:20:58] 统计服务器已启动！本地访问：http://localhost:9999/, 网络访问：http://192.168.43.44:9999/
[2026-04-28 00:21:59] 尝试加载配置文件: D:\AI\tran\bin\Debug\net8.0-windows\server_config.dat
[2026-04-28 00:21:59] 配置文件内容: MjcwMTU=

[2026-04-28 00:21:59] 解密后内容: 27015
[2026-04-28 00:21:59] 从配置文件加载端口: 27015
[2026-04-28 00:21:59] 开始启动HTTP服务器...
[2026-04-28 00:21:59] 使用端口: 27015
[2026-04-28 00:21:59] 端口 27015 可用
[2026-04-28 00:21:59] 添加HTTP前缀完成
[2026-04-28 00:21:59] HTTP服务器启动成功
[2026-04-28 00:21:59] HTTP服务器线程已启动
[2026-04-28 00:21:59] 统计服务器已启动！本地访问：http://localhost:27015/, 网络访问：http://192.168.43.44:27015/
[2026-04-28 00:26:08] 尝试加载配置文件: D:\AI\tran\bin\Debug\net8.0-windows\server_config.dat
[2026-04-28 00:26:08] 配置文件内容: MjcwMTU=

[2026-04-28 00:26:08] 解密后内容: 27015
[2026-04-28 00:26:08] 从配置文件加载端口: 27015
[2026-04-28 00:26:08] 开始启动HTTP服务器...
[2026-04-28 00:26:08] 使用端口: 27015
[2026-04-28 00:26:08] 端口 27015 可用
[2026-04-28 00:26:08] 添加HTTP前缀完成
[2026-04-28 00:26:08] HTTP服务器启动成功
[2026-04-28 00:26:08] HTTP服务器线程已启动
[2026-04-28 00:26:08] 统计服务器已启动！本地访问：http://localhost:27015/, 网络访问：http://192.168.43.44:27015/
[2026-04-28 00:27:03] 尝试加载配置文件: D:\AI\tran\bin\Debug\net8.0-windows\server_config.dat
[2026-04-28 00:27:03] 配置文件内容: MjcwMTU=

[2026-04-28 00:27:03] 解密后内容: 27015
[2026-04-28 00:27:03] 从配置文件加载端口: 27015
[2026-04-28 00:27:03] 开始启动HTTP服务器...
[2026-04-28 00:27:03] 使用端口: 27015
[2026-04-28 00:27:03] 端口 27015 可用
[2026-04-28 00:27:03] 添加HTTP前缀完成
[2026-04-28 00:27:03] HTTP服务器启动成功
[2026-04-28 00:27:03] HTTP服务器线程已启动
[2026-04-28 00:27:03] 统计服务器已启动！本地访问：http://localhost:27015/, 网络访问：http://192.168.43.44:27015/
[2026-04-28 00:27:50] 尝试加载配置文件: D:\AI\tran\bin\Debug\net8.0-windows\server_config.dat
[2026-04-28 00:27:50] 配置文件内容: MTgwODA=

[2026-04-28 00:27:50] 解密后内容: 18080
[2026-04-28 00:27:50] 从配置文件加载端口: 18080
[2026-04-28 00:27:50] 开始启动HTTP服务器...
[2026-04-28 00:27:50] 使用端口: 18080
[2026-04-28 00:27:50] 端口 18080 可用
[2026-04-28 00:27:50] 添加HTTP前缀完成
[2026-04-28 00:27:50] HTTP服务器启动成功
[2026-04-28 00:27:50] HTTP服务器线程已启动
[2026-04-28 00:27:50] 统计服务器已启动！本地访问：http://localhost:18080/, 网络访问：http://192.168.43.44:18080/
[2026-04-28 00:29:08] 尝试加载配置文件: D:\AI\tran\bin\Debug\net8.0-windows\server_config.dat
[2026-04-28 00:29:08] 配置文件内容: MTgwODA=

[2026-04-28 00:29:08] 解密后内容: 18080
[2026-04-28 00:29:08] 从配置文件加载端口: 18080
[2026-04-28 00:29:08] 开始启动HTTP服务器...
[2026-04-28 00:29:08] 使用端口: 18080
[2026-04-28 00:29:08] 端口 18080 可用
[2026-04-28 00:29:08] 添加HTTP前缀完成
[2026-04-28 00:29:08] HTTP服务器启动成功
[2026-04-28 00:29:08] HTTP服务器线程已启动
[2026-04-28 00:29:08] 统计服务器已启动！本地访问：http://localhost:18080/, 网络访问：http://192.168.43.44:18080/
[2026-04-28 00:33:01] 尝试加载配置文件: D:\AI\tran\bin\Debug\net8.0-windows\server_config.dat
[2026-04-28 00:33:01] 配置文件内容: MTgwODA=

[2026-04-28 00:33:01] 解密后内容: 18080
[2026-04-28 00:33:01] 从配置文件加载端口: 18080
[2026-04-28 00:33:01] 开始启动HTTP服务器...
[2026-04-28 00:33:01] 使用端口: 18080
[2026-04-28 00:33:01] 尝试停止HTTP服务以释放端口...
[2026-04-28 00:33:39] HTTP服务已停止
[2026-04-28 00:33:41] 端口 18080 可用
[2026-04-28 00:33:41] 添加HTTP前缀完成
[2026-04-28 00:33:41] HTTP服务器启动成功
[2026-04-28 00:33:41] HTTP服务器线程已启动
[2026-04-28 00:33:41] 统计服务器已启动！本地访问：http://localhost:18080/, 网络访问：http://192.168.43.44:18080/
[2026-04-28 00:34:45] 尝试加载配置文件: D:\AI\tran\bin\Debug\net8.0-windows\server_config.dat
[2026-04-28 00:34:45] 配置文件内容: OTk5OQ==

[2026-04-28 00:34:45] 解密后内容: 9999
[2026-04-28 00:34:45] 从配置文件加载端口: 9999
[2026-04-28 00:34:45] 开始启动HTTP服务器...
[2026-04-28 00:34:45] 使用端口: 9999
[2026-04-28 00:34:45] 尝试停止HTTP服务以释放端口...
[2026-04-28 00:34:46] HTTP服务已停止
[2026-04-28 00:34:48] 端口 9999 可用
[2026-04-28 00:34:48] 添加HTTP前缀完成
[2026-04-28 00:34:48] HTTP服务器启动成功
[2026-04-28 00:34:48] HTTP服务器线程已启动
[2026-04-28 00:34:48] 统计服务器已启动！本地访问：http://localhost:9999/, 网络访问：http://192.168.43.44:9999/
[2026-04-28 20:15:06] 尝试加载配置文件: D:\AI\tran\bin\Debug\net8.0-windows\server_config.dat
[2026-04-28 20:15:06] 配置文件内容: OTk5OQ==

[2026-04-28 20:15:06] 解密后内容: 9999
[2026-04-28 20:15:06] 从配置文件加载端口: 9999
[2026-04-28 20:15:06] 开始启动HTTP服务器...
[2026-04-28 20:15:06] 使用端口: 9999
[2026-04-28 20:15:06] 尝试停止HTTP服务以释放端口...
[2026-04-28 20:15:10] HTTP服务已停止
[2026-04-28 20:15:13] 端口 9999 可用
[2026-04-28 20:15:13] 添加HTTP前缀完成
[2026-04-28 20:15:13] HTTP服务器启动成功
[2026-04-28 20:15:13] HTTP服务器线程已启动
[2026-04-28 20:15:13] 统计服务器已启动！本地访问：http://localhost:9999/, 网络访问：http://192.168.43.44:9999/
[2026-04-28 20:16:09] 尝试加载配置文件: D:\AI\tran\bin\Debug\net8.0-windows\server_config.dat
[2026-04-28 20:16:09] 配置文件内容: OTk5OQ==

[2026-04-28 20:16:09] 解密后内容: 9999
[2026-04-28 20:16:09] 从配置文件加载端口: 9999
[2026-04-28 20:16:09] 开始启动HTTP服务器...
[2026-04-28 20:16:09] 使用端口: 9999
[2026-04-28 20:16:09] 尝试停止HTTP服务以释放端口...
[2026-04-28 20:16:10] HTTP服务已停止
[2026-04-28 20:16:12] 端口 9999 可用
[2026-04-28 20:16:12] 添加HTTP前缀完成
[2026-04-28 20:16:12] HTTP服务器启动成功
[2026-04-28 20:16:12] HTTP服务器线程已启动
[2026-04-28 20:16:12] 统计服务器已启动！本地访问：http://localhost:9999/, 网络访问：http://192.168.43.44:9999/
[2026-04-28 20:20:49] 尝试加载配置文件: D:\AI\tran\bin\Debug\net8.0-windows\server_config.dat
[2026-04-28 20:20:49] 配置文件内容: Nzc3Nw==

[2026-04-28 20:20:49] 解密后内容: 7777
[2026-04-28 20:20:49] 从配置文件加载端口: 7777
[2026-04-28 20:20:50] 开始启动HTTP服务器...
[2026-04-28 20:20:50] 使用端口: 7777
[2026-04-28 20:20:50] 尝试停止HTTP服务以释放端口...
[2026-04-28 20:20:51] HTTP服务已停止
[2026-04-28 20:20:53] 端口 7777 可用
[2026-04-28 20:20:53] 添加HTTP前缀完成
[2026-04-28 20:20:53] HTTP服务器启动成功
[2026-04-28 20:20:53] HTTP服务器线程已启动
[2026-04-28 20:20:53] 统计服务器已启动！本地访问：http://localhost:7777/, 网络访问：http://192.168.43.44:7777/
[2026-04-28 20:21:42] 尝试加载配置文件: D:\AI\tran\bin\Debug\net8.0-windows\server_config.dat
[2026-04-28 20:21:42] 配置文件内容: NTAwMDE=

[2026-04-28 20:21:42] 解密后内容: 50001
[2026-04-28 20:21:42] 从配置文件加载端口: 50001
[2026-04-28 20:21:42] 开始启动HTTP服务器...
[2026-04-28 20:21:42] 使用端口: 50001
[2026-04-28 20:21:42] 尝试停止HTTP服务以释放端口...
[2026-04-28 20:21:43] HTTP服务已停止
[2026-04-28 20:21:45] 端口 50001 可用
[2026-04-28 20:21:45] 添加HTTP前缀完成
[2026-04-28 20:21:45] HTTP服务器启动成功
[2026-04-28 20:21:45] HTTP服务器线程已启动
[2026-04-28 20:21:45] 统计服务器已启动！本地访问：http://localhost:50001/, 网络访问：http://192.168.43.44:50001/
[2026-04-28 20:23:47] 尝试加载配置文件: D:\AI\tran\bin\Debug\net8.0-windows\server_config.dat
[2026-04-28 20:23:47] 配置文件内容: NTAwMDE=

[2026-04-28 20:23:47] 解密后内容: 50001
[2026-04-28 20:23:47] 从配置文件加载端口: 50001
[2026-04-28 20:23:47] 开始启动HTTP服务器...
[2026-04-28 20:23:47] 使用端口: 50001
[2026-04-28 20:23:47] 尝试停止HTTP服务以释放端口...
[2026-04-28 20:23:48] HTTP服务已停止
[2026-04-28 20:23:50] 端口 50001 可用
[2026-04-28 20:23:50] 添加HTTP前缀完成
[2026-04-28 20:23:50] HTTP服务器启动成功
[2026-04-28 20:23:50] HTTP服务器线程已启动
[2026-04-28 20:23:50] 统计服务器已启动！本地访问：http://localhost:50001/, 网络访问：http://192.168.43.44:50001/
[2026-04-28 20:24:40] 尝试加载配置文件: D:\AI\tran\bin\Debug\net8.0-windows\server_config.dat
[2026-04-28 20:24:40] 配置文件内容: NTAwMDE=

[2026-04-28 20:24:40] 解密后内容: 50001
[2026-04-28 20:24:40] 从配置文件加载端口: 50001
[2026-04-28 20:24:40] 开始启动HTTP服务器...
[2026-04-28 20:24:40] 使用端口: 50001
[2026-04-28 20:24:40] 尝试停止HTTP服务以释放端口...
[2026-04-28 20:24:42] HTTP服务已停止
[2026-04-28 20:24:44] 端口 50001 可用
[2026-04-28 20:24:44] 添加HTTP前缀完成
[2026-04-28 20:24:44] HTTP服务器启动成功
[2026-04-28 20:24:44] HTTP服务器线程已启动
[2026-04-28 20:24:44] 统计服务器已启动！本地访问：http://localhost:50001/, 网络访问：http://192.168.43.44:50001/
[2026-04-28 20:26:29] 尝试加载配置文件: D:\AI\tran\bin\Debug\net8.0-windows\server_config.dat
[2026-04-28 20:26:29] 配置文件内容: NTAwMDE=
[2026-04-28 20:26:29] 解密后内容: 50001
[2026-04-28 20:26:29] 从配置文件加载端口: 50001
[2026-04-28 20:26:29] 开始启动HTTP服务器...
[2026-04-28 20:26:29] 使用端口: 50001
[2026-04-28 20:26:29] 尝试停止HTTP服务以释放端口...
[2026-04-28 20:26:30] HTTP服务已停止
[2026-04-28 20:26:32] 端口 50001 可用
[2026-04-28 20:26:32] 添加HTTP前缀完成
[2026-04-28 20:26:32] HTTP服务器启动成功
[2026-04-28 20:26:32] HTTP服务器线程已启动
[2026-04-28 20:26:32] 统计服务器已启动！本地访问：http://localhost:50001/, 网络访问：http://192.168.43.44:50001/
[2026-04-28 20:27:56] 尝试加载配置文件: D:\AI\tran\bin\Debug\net8.0-windows\server_config.dat
[2026-04-28 20:27:56] 配置文件内容: NjUwMDA=
[2026-04-28 20:27:56] 解密后内容: 65000
[2026-04-28 20:27:56] 从配置文件加载端口: 65000
[2026-04-28 20:27:56] 开始启动HTTP服务器...
[2026-04-28 20:27:56] 使用端口: 65000
[2026-04-28 20:27:56] 尝试停止HTTP服务以释放端口...
[2026-04-28 20:27:59] HTTP服务已停止
[2026-04-28 20:28:01] 端口 65000 可用
[2026-04-28 20:28:01] 添加HTTP前缀完成
[2026-04-28 20:28:01] HTTP服务器启动成功
[2026-04-28 20:28:01] HTTP服务器线程已启动
[2026-04-28 20:28:01] 统计服务器已启动！本地访问：http://localhost:65000/, 网络访问：http://192.168.43.44:65000/
[2026-04-28 20:29:35] 尝试加载配置文件: D:\AI\tran\bin\Debug\net8.0-windows\server_config.dat
[2026-04-28 20:29:35] 配置文件内容: NjUwMDA=
[2026-04-28 20:29:35] 解密后内容: 65000
[2026-04-28 20:29:35] 从配置文件加载端口: 65000
[2026-04-28 20:29:35] 开始启动HTTP服务器...
[2026-04-28 20:29:35] 使用端口: 65000
[2026-04-28 20:29:35] 尝试停止HTTP服务以释放端口...
[2026-04-28 20:29:37] HTTP服务已停止
[2026-04-28 20:29:39] 端口 65000 可用
[2026-04-28 20:29:40] 尝试注册HTTP URL...
[2026-04-28 20:29:41] HTTP URL注册完成
[2026-04-28 20:29:41] 添加HTTP前缀完成
[2026-04-28 20:29:41] HTTP服务器启动成功
[2026-04-28 20:29:41] HTTP服务器线程已启动
[2026-04-28 20:29:41] 统计服务器已启动！本地访问：http://localhost:65000/, 网络访问：http://192.168.43.44:65000/
[2026-04-28 20:30:58] 尝试加载配置文件: D:\AI\tran\bin\Debug\net8.0-windows\server_config.dat
[2026-04-28 20:30:58] 配置文件内容: NjUwMDA=
[2026-04-28 20:30:58] 解密后内容: 65000
[2026-04-28 20:30:58] 从配置文件加载端口: 65000
[2026-04-28 20:30:58] 开始启动HTTP服务器...
[2026-04-28 20:30:58] 使用端口: 65000
[2026-04-28 20:30:58] 尝试停止HTTP服务以释放端口...
[2026-04-28 20:30:59] HTTP服务已停止
[2026-04-28 20:31:01] 端口 65000 可用
[2026-04-28 20:31:01] 添加HTTP前缀完成
[2026-04-28 20:31:01] HTTP服务器启动成功
[2026-04-28 20:31:01] HTTP服务器线程已启动
[2026-04-28 20:31:01] 统计服务器已启动！本地访问：http://localhost:65000/, 网络访问：http://192.168.43.44:65000/
[2026-04-28 20:31:49] 获取端口配置: 配置文件端口=65000, 当前运行端口=65000
[2026-04-28 20:32:08] 获取端口配置: 配置文件端口=65000, 当前运行端口=65000
[2026-04-28 20:42:28] 获取端口配置: 配置文件端口=65000, 当前运行端口=65000
[2026-04-28 20:49:27] 登录尝试: 用户名=lhbdb, 密码=241023
[2026-04-28 20:49:27] 登录成功: 用户名=lhbdb, 是管理员=True
[2026-04-28 20:49:29] 获取端口配置: 配置文件端口=65000, 当前运行端口=65000
[2026-04-28 20:49:35] 端口配置已保存到: D:\AI\tran\server_config.dat
[2026-04-28 20:49:35] 端口配置已保存到: D:\AI\tran\bin\Debug\net8.0-windows\server_config.dat
[2026-04-28 20:59:24] 尝试加载配置文件: D:\AI\tran\bin\Debug\net8.0-windows\server_config.dat
[2026-04-28 20:59:24] 配置文件内容: OTA5NA==
[2026-04-28 20:59:24] 解密后内容: 9094
[2026-04-28 20:59:24] 从配置文件加载端口: 9094
[2026-04-28 20:59:24] 开始启动HTTP服务器...
[2026-04-28 20:59:24] 使用端口: 9094
[2026-04-28 20:59:24] 尝试停止HTTP服务以释放端口...
[2026-04-28 20:59:34] HTTP服务已停止
[2026-04-28 20:59:36] 端口 9094 可用
[2026-04-28 20:59:36] 添加HTTP前缀完成
[2026-04-28 20:59:36] HTTP服务器启动成功
[2026-04-28 20:59:36] HTTP服务器线程已启动
[2026-04-28 20:59:36] 统计服务器已启动！本地访问：http://localhost:9094/, 网络访问：http://192.168.43.44:9094/
[2026-04-28 20:59:52] 获取端口配置: 配置文件端口=9094, 当前运行端口=9094
[2026-04-28 21:00:38] 获取端口配置: 配置文件端口=9094, 当前运行端口=9094
[2026-04-28 21:02:56] 尝试加载配置文件: D:\AI\tran\bin\Debug\net8.0-windows\server_config.dat
[2026-04-28 21:02:56] 配置文件内容: OTA5NA==
[2026-04-28 21:02:56] 解密后内容: 9094
[2026-04-28 21:02:56] 从配置文件加载端口: 9094
[2026-04-28 21:02:56] 开始启动HTTP服务器...
[2026-04-28 21:02:56] 使用端口: 9094
[2026-04-28 21:02:56] 尝试停止HTTP服务以释放端口...
[2026-04-28 21:02:57] HTTP服务已停止
[2026-04-28 21:02:59] 端口 9094 可用
[2026-04-28 21:02:59] 添加HTTP前缀完成
[2026-04-28 21:02:59] HTTP服务器启动成功
[2026-04-28 21:02:59] HTTP服务器线程已启动
[2026-04-28 21:02:59] 统计服务器已启动！本地访问：http://localhost:9094/, 网络访问：http://192.168.43.44:9094/
[2026-04-28 21:03:06] 获取端口配置: 配置文件端口=9094, 当前运行端口=9094
[2026-04-28 21:04:43] 尝试加载配置文件: D:\AI\tran\bin\Debug\net8.0-windows\server_config.dat
[2026-04-28 21:04:43] 配置文件内容: NjUwMDA=
[2026-04-28 21:04:43] 解密后内容: 65000
[2026-04-28 21:04:43] 从配置文件加载端口: 65000
[2026-04-28 21:04:43] 开始启动HTTP服务器...
[2026-04-28 21:04:43] 使用端口: 65000
[2026-04-28 21:04:43] 尝试停止HTTP服务以释放端口...
[2026-04-28 21:04:44] HTTP服务已停止
[2026-04-28 21:04:46] 端口 65000 可用
[2026-04-28 21:04:46] 添加HTTP前缀完成
[2026-04-28 21:04:46] HTTP服务器启动成功
[2026-04-28 21:04:46] HTTP服务器线程已启动
[2026-04-28 21:04:46] 统计服务器已启动！本地访问：http://localhost:65000/, 网络访问：http://192.168.43.44:65000/
[2026-04-28 21:04:52] 获取端口配置: 配置文件端口=65000, 当前运行端口=65000
[2026-04-28 21:07:58] 尝试加载配置文件: D:\AI\tran\bin\Debug\net8.0-windows\server_config.dat
[2026-04-28 21:07:58] 配置文件内容: OTA5NA==
[2026-04-28 21:07:58] 解密后内容: 9094
[2026-04-28 21:07:58] 从配置文件加载端口: 9094
[2026-04-28 21:07:58] 开始启动HTTP服务器...
[2026-04-28 21:07:58] 使用端口: 9094
[2026-04-28 21:07:58] 尝试停止HTTP服务以释放端口...
[2026-04-28 21:07:59] HTTP服务已停止
[2026-04-28 21:08:01] 端口 9094 可用
[2026-04-28 21:08:01] 添加HTTP前缀完成
[2026-04-28 21:08:01] HTTP服务器启动成功
[2026-04-28 21:08:01] HTTP服务器线程已启动
[2026-04-28 21:08:01] 统计服务器已启动！本地访问：http://localhost:9094/, 网络访问：http://192.168.43.44:9094/
[2026-04-28 21:08:28] 获取端口配置: 配置文件端口=9094, 当前运行端口=9094
[2026-04-28 21:09:29] 获取端口配置: 配置文件端口=9094, 当前运行端口=9094
[2026-04-28 21:19:08] 尝试加载配置文件: D:\AI\tran\bin\Debug\net8.0-windows\server_config.dat
[2026-04-28 21:19:08] 配置文件内容: OTA5NA==
[2026-04-28 21:19:08] 解密后内容: 9094
[2026-04-28 21:19:08] 从配置文件加载端口: 9094
[2026-04-28 21:19:08] 开始启动HTTP服务器...
[2026-04-28 21:19:08] 使用端口: 9094
[2026-04-28 21:19:08] 尝试停止HTTP服务以释放端口...
[2026-04-28 21:19:08] HTTP服务已停止
[2026-04-28 21:19:10] 端口 9094 可用
[2026-04-28 21:19:10] 添加HTTP前缀完成
[2026-04-28 21:19:10] HTTP服务器启动成功
[2026-04-28 21:19:10] HTTP服务器线程已启动
[2026-04-28 21:19:10] 统计服务器已启动！本地访问：http://localhost:9094/, 网络访问：http://192.168.43.44:9094/
[2026-04-28 21:21:47] 尝试加载配置文件: D:\AI\tran\bin\Debug\net8.0-windows\server_config.dat
[2026-04-28 21:21:47] 配置文件内容: NjUwMDA=
[2026-04-28 21:21:47] 解密后内容: 65000
[2026-04-28 21:21:47] 从配置文件加载端口: 65000
[2026-04-28 21:21:47] 开始启动HTTP服务器...
[2026-04-28 21:21:47] 使用端口: 65000
[2026-04-28 21:21:47] 尝试停止HTTP服务以释放端口...
[2026-04-28 21:21:48] HTTP服务已停止
[2026-04-28 21:21:50] 端口 65000 可用
[2026-04-28 21:21:50] 添加HTTP前缀完成
[2026-04-28 21:21:50] HTTP服务器启动成功
[2026-04-28 21:21:50] HTTP服务器线程已启动
[2026-04-28 21:21:50] 统计服务器已启动！本地访问：http://localhost:65000/, 网络访问：http://192.168.43.44:65000/
[2026-04-28 21:25:07] 尝试加载配置文件: D:\AI\tran\bin\Debug\net8.0-windows\server_config.dat
[2026-04-28 21:25:07] 配置文件内容: NjUwMDA=
[2026-04-28 21:25:07] 解密后内容: 65000
[2026-04-28 21:25:07] 从配置文件加载端口: 65000
[2026-04-28 21:25:07] 开始启动HTTP服务器...
[2026-04-28 21:25:07] 使用端口: 65000
[2026-04-28 21:25:07] 尝试停止HTTP服务以释放端口...
[2026-04-28 21:25:08] HTTP服务已停止
[2026-04-28 21:25:10] 端口 65000 可用
[2026-04-28 21:25:10] 添加HTTP前缀完成
[2026-04-28 21:25:10] HTTP服务器启动成功
[2026-04-28 21:25:10] HTTP服务器线程已启动
[2026-04-28 21:25:10] 统计服务器已启动！本地访问：http://localhost:65000/, 网络访问：http://192.168.43.44:65000/
[2026-04-28 21:35:25] 尝试加载配置文件: D:\AI\tran\bin\Debug\net8.0-windows\server_config.dat
[2026-04-28 21:35:25] 配置文件内容: NjUwMDA=
[2026-04-28 21:35:25] 解密后内容: 65000
[2026-04-28 21:35:25] 从配置文件加载端口: 65000
[2026-04-28 21:35:25] 开始启动HTTP服务器...
[2026-04-28 21:35:25] 使用端口: 65000
[2026-04-28 21:35:25] 尝试停止HTTP服务以释放端口...
[2026-04-28 21:35:26] HTTP服务已停止
[2026-04-28 21:35:28] 端口 65000 可用
[2026-04-28 21:35:28] 添加HTTP前缀完成
[2026-04-28 21:35:28] HTTP服务器启动成功
[2026-04-28 21:35:28] HTTP服务器线程已启动
[2026-04-28 21:35:28] 统计服务器已启动！本地访问：http://localhost:65000/, 网络访问：http://192.168.43.44:65000/
[2026-04-28 21:41:38] 尝试加载配置文件: D:\AI\tran\bin\Debug\net8.0-windows\server_config.dat
[2026-04-28 21:41:38] 配置文件内容: NjUwMDA=
[2026-04-28 21:41:38] 解密后内容: 65000
[2026-04-28 21:41:38] 从配置文件加载端口: 65000
[2026-04-28 21:41:38] 开始启动HTTP服务器...
[2026-04-28 21:41:38] 使用端口: 65000
[2026-04-28 21:41:38] 尝试停止HTTP服务以释放端口...
[2026-04-28 21:41:39] HTTP服务已停止
[2026-04-28 21:41:41] 端口 65000 可用
[2026-04-28 21:41:41] 添加HTTP前缀完成
[2026-04-28 21:41:41] HTTP服务器启动成功
[2026-04-28 21:41:41] HTTP服务器线程已启动
[2026-04-28 21:41:41] 统计服务器已启动！本地访问：http://localhost:65000/, 网络访问：http://192.168.43.44:65000/
[2026-04-28 21:46:11] 登录尝试: 用户名=lhbdb, 密码=241023
[2026-04-28 21:46:11] 登录成功: 用户名=lhbdb, 是管理员=True
[2026-04-28 21:47:51] 执行统计失败: Operator '!' cannot be applied to operand of type 'Newtonsoft.Json.Linq.JValue'
[2026-04-28 21:49:56] 尝试加载配置文件: D:\AI\tran\bin\Debug\net8.0-windows\server_config.dat
[2026-04-28 21:49:56] 配置文件内容: NjUwMDA=
[2026-04-28 21:49:56] 解密后内容: 65000
[2026-04-28 21:49:56] 从配置文件加载端口: 65000
[2026-04-28 21:49:56] 开始启动HTTP服务器...
[2026-04-28 21:49:56] 使用端口: 65000
[2026-04-28 21:49:56] 尝试停止HTTP服务以释放端口...
[2026-04-28 21:49:57] HTTP服务已停止
[2026-04-28 21:49:59] 端口 65000 可用
[2026-04-28 21:49:59] 添加HTTP前缀完成
[2026-04-28 21:49:59] HTTP服务器启动成功
[2026-04-28 21:49:59] HTTP服务器线程已启动
[2026-04-28 21:49:59] 统计服务器已启动！本地访问：http://localhost:65000/, 网络访问：http://192.168.43.44:65000/
[2026-04-28 21:50:37] 尝试加载配置文件: D:\AI\tran\server_config.dat
[2026-04-28 21:50:37] 配置文件内容: OTA5NA==
[2026-04-28 21:50:37] 解密后内容: 9094
[2026-04-28 21:50:37] 从配置文件加载端口: 9094
[2026-04-28 21:50:37] 开始启动HTTP服务器...
[2026-04-28 21:50:37] 使用端口: 9094
[2026-04-28 21:50:37] 尝试停止HTTP服务以释放端口...
[2026-04-28 21:50:39] HTTP服务已停止
[2026-04-28 21:50:41] 端口 9094 可用
[2026-04-28 21:50:41] 添加HTTP前缀完成
[2026-04-28 21:50:41] HTTP服务器启动成功
[2026-04-28 21:50:41] HTTP服务器线程已启动
[2026-04-28 21:50:41] 统计服务器已启动！本地访问：http://localhost:9094/, 网络访问：http://192.168.43.44:9094/
[2026-04-28 21:52:08] 登录尝试: 用户名=lhbdb, 密码=241023
[2026-04-28 21:52:08] 登录成功: 用户名=lhbdb, 是管理员=True
[2026-04-28 21:52:34] 每日分析请求: startDate=2026-03-31, endDate=2026-04-28, system=RIS, reporter=, reviewer=, technician=, department=, category=
[2026-04-28 21:53:51] 登录尝试: 用户名=lhbdb, 密码=241023
[2026-04-28 21:53:51] 登录成功: 用户名=lhbdb, 是管理员=True
[2026-04-28 21:58:39] 尝试加载配置文件: D:\AI\tran\server_config.dat
[2026-04-28 21:58:39] 配置文件内容: OTA5NA==
[2026-04-28 21:58:39] 解密后内容: 9094
[2026-04-28 21:58:39] 从配置文件加载端口: 9094
[2026-04-28 21:58:39] 开始启动HTTP服务器...
[2026-04-28 21:58:39] 使用端口: 9094
[2026-04-28 21:58:39] 尝试停止HTTP服务以释放端口...
[2026-04-28 21:58:39] HTTP服务已停止
[2026-04-28 21:58:41] 端口 9094 可用
[2026-04-28 21:58:41] 添加HTTP前缀完成
[2026-04-28 21:58:42] HTTP服务器启动成功
[2026-04-28 21:58:42] HTTP服务器线程已启动
[2026-04-28 21:58:42] 统计服务器已启动！本地访问：http://localhost:9094/, 网络访问：http://192.168.43.44:9094/
[2026-04-28 22:04:45] 获取端口配置: 配置文件端口=9094, 当前运行端口=9094
[2026-04-28 22:36:42] 登录尝试: 用户名=lhbdb, 密码=241023
[2026-04-28 22:36:42] 登录成功: 用户名=lhbdb, 是管理员=True
[2026-04-28 22:36:45] 每日分析请求: startDate=2026-03-31, endDate=2026-04-28, system=, reporter=, reviewer=, technician=, department=, category=
[2026-04-28 22:36:51] 每日分析请求: startDate=2026-03-31, endDate=2026-04-28, system=, reporter=, reviewer=, technician=, department=, category=CT
[2026-04-28 22:36:58] 每日分析请求: startDate=2026-03-31, endDate=2026-04-28, system=RIS, reporter=, reviewer=, technician=, department=消化内镜(总), category=
[2026-04-28 22:36:58] 每日分析请求: startDate=2026-03-31, endDate=2026-04-28, system=RIS, reporter=, reviewer=, technician=, department=消化内镜(总), category=
[2026-04-28 22:36:58] 每日分析请求: startDate=2026-03-31, endDate=2026-04-28, system=RIS, reporter=, reviewer=, technician=, department=消化内镜(总), category=
[2026-04-28 22:37:13] 添加用户请求数据: {"id":"999","username":"999","password":"1","role":"管理员","status":"启用"}
[2026-04-28 22:37:13] 解析结果: id=999, username=999, password=1, role=管理员, status=启用
[2026-04-28 22:37:13] 返回结果: {"success": true, "message": "用户添加成功"}
[2026-04-28 22:37:20] 获取端口配置: 配置文件端口=9094, 当前运行端口=9094
[2026-04-28 22:37:48] 获取端口配置: 配置文件端口=9094, 当前运行端口=9094
[2026-04-28 22:39:08] 登录尝试: 用户名=lhbdb, 密码=241023
[2026-04-28 22:39:08] 登录成功: 用户名=lhbdb, 是管理员=True
[2026-04-28 22:39:11] 每日分析请求: startDate=2026-03-31, endDate=2026-04-28, system=, reporter=, reviewer=, technician=, department=, category=
[2026-04-28 22:39:13] 每日分析请求: startDate=2026-03-31, endDate=2026-04-28, system=, reporter=, reviewer=, technician=, department=, category=
[2026-04-28 22:39:16] 每日分析请求: startDate=2026-03-31, endDate=2026-04-28, system=, reporter=, reviewer=, technician=, department=, category=
[2026-04-28 22:39:17] 每日分析请求: startDate=2026-03-31, endDate=2026-04-28, system=, reporter=, reviewer=, technician=, department=, category=
[2026-04-28 22:39:18] 每日分析请求: startDate=2026-03-31, endDate=2026-04-28, system=, reporter=, reviewer=, technician=, department=, category=
[2026-04-28 22:39:19] 每日分析请求: startDate=2026-03-31, endDate=2026-04-28, system=, reporter=, reviewer=, technician=, department=, category=
[2026-04-28 22:39:19] 每日分析请求: startDate=2026-03-31, endDate=2026-04-28, system=, reporter=, reviewer=, technician=, department=, category=
[2026-04-28 22:39:20] 每日分析请求: startDate=2026-03-31, endDate=2026-04-28, system=, reporter=, reviewer=, technician=, department=, category=
[2026-04-28 22:39:21] 每日分析请求: startDate=2026-03-31, endDate=2026-04-28, system=, reporter=, reviewer=, technician=, department=, category=
[2026-04-28 22:39:30] 获取端口配置: 配置文件端口=9094, 当前运行端口=9094
